Starting test run db9919b2-bba5-4381-bf03-9dfcd08c25fe
Feature: /Users/mohammaddaabes/Documents/api/src/test/resources/features/generated/post_admin_v2_customers.feature
Tags: @negative
Names: missing required field 'first_name'
Command started at 2025-10-03T23:42:31.134070Z
WARNING: A terminally deprecated method in sun.misc.Unsafe has been called
WARNING: sun.misc.Unsafe::staticFieldBase has been called by com.google.inject.internal.aop.HiddenClassDefiner (file:/opt/homebrew/Cellar/maven/3.9.10/libexec/lib/guice-5.1.0-classes.jar)
WARNING: Please consider reporting this to the maintainers of class com.google.inject.internal.aop.HiddenClassDefiner
WARNING: sun.misc.Unsafe::staticFieldBase will be removed in a future release
Oct 04, 2025 2:42:33 AM io.cucumber.junit.platform.engine.DiscoverySelectorResolver warnWhenCucumberFeaturesPropertyIsUsed
WARNING: Discovering tests using the cucumber.features property. Other discovery selectors are ignored!
Please request/upvote/sponsor/ect better support for JUnit 5 discovery selectors.
See: https://github.com/cucumber/cucumber-jvm/pull/2498

@negative
Scenario: missing required field 'first_name'                             # src/test/resources/features/generated/post_admin_v2_customers.feature:53
  Given the API base url is "${BASE_URL}"                                 # steps.CommonSteps.givenBaseUrlEnv(java.lang.String)
  And I use bearer token from env "API_TOKEN"                             # steps.CommonSteps.useBearerTokenFromEnv(java.lang.String)
  And I add header "accept" with value 'application/json'                 # steps.CommonSteps.iAddHeader(java.lang.String,java.lang.String)
  And I add header "accept-language" with value 'ar'                      # steps.CommonSteps.iAddHeader(java.lang.String,java.lang.String)
  And I add header "content-type" with value 'application/json'           # steps.CommonSteps.iAddHeader(java.lang.String,java.lang.String)
  And I add header "pragma" with value 'no-cache'                         # steps.CommonSteps.iAddHeader(java.lang.String,java.lang.String)
  And I add header "s-source" with value 'automation'                     # steps.CommonSteps.iAddHeader(java.lang.String,java.lang.String)
Request method:	POST
Request URI:	https://api.salla.dev/admin/v2/customers
Body:
{
    "last_name": " daabesdaabesdas",
    "email": "m.daabes+93253@salla.sa",
    "birthday": "08-09-2015",
    "gender": "male",
    "mobile_code_country": "962",
    "mobile": "799798444"
}
  When I POST to "/admin/v2/customers" with json body:                    # steps.CommonSteps.iVerbToWithJsonBody(java.lang.String,java.lang.String,java.lang.String)
  Then the response status should be 200                                  # steps.CommonSteps.theResponseStatusShouldBe(int)
  Then the response header "Content-Type" should equal "application/json" # steps.CommonSteps.headerShouldEqual(java.lang.String,java.lang.String)
  Then the response json path "$.status" should equal "210"               # steps.CommonSteps.jsonPathShouldEqual(java.lang.String,java.lang.String)
      java.lang.AssertionError: json path $.status
Expected: "210"
     but: was "200"
	at org.hamcrest.MatcherAssert.assertThat(MatcherAssert.java:20)
	at steps.CommonSteps.jsonPathShouldEqual(CommonSteps.java:58)
	at ✽.the response json path "$.status" should equal "210"(file:///Users/mohammaddaabes/Documents/api/src/test/resources/features/generated/post_admin_v2_customers.feature:67)


@negative
Scenario: missing required field 'first_name'                             # src/test/resources/features/generated/post_admin_v2_customers.feature:53
  Given the API base url is "${BASE_URL}"                                 # steps.CommonSteps.givenBaseUrlEnv(java.lang.String)
  And I use bearer token from env "API_TOKEN"                             # steps.CommonSteps.useBearerTokenFromEnv(java.lang.String)
  And I add header "accept" with value 'application/json'                 # steps.CommonSteps.iAddHeader(java.lang.String,java.lang.String)
  And I add header "accept-language" with value 'ar'                      # steps.CommonSteps.iAddHeader(java.lang.String,java.lang.String)
  And I add header "content-type" with value 'application/json'           # steps.CommonSteps.iAddHeader(java.lang.String,java.lang.String)
  And I add header "pragma" with value 'no-cache'                         # steps.CommonSteps.iAddHeader(java.lang.String,java.lang.String)
  And I add header "s-source" with value 'automation'                     # steps.CommonSteps.iAddHeader(java.lang.String,java.lang.String)
Request method:	POST
Request URI:	https://api.salla.dev/admin/v2/customers
Body:
{
    "last_name": " daabesdaabesdas",
    "email": "m.daabes+93253@salla.sa",
    "birthday": "08-09-2015",
    "gender": "male",
    "mobile_code_country": "962",
    "mobile": "799798444"
}
  When I POST to "/admin/v2/customers" with json body:                    # steps.CommonSteps.iVerbToWithJsonBody(java.lang.String,java.lang.String,java.lang.String)
  Then the response status should be 200                                  # steps.CommonSteps.theResponseStatusShouldBe(int)
  Then the response header "Content-Type" should equal "application/json" # steps.CommonSteps.headerShouldEqual(java.lang.String,java.lang.String)
  Then the response json path "$.status" should equal "210"               # steps.CommonSteps.jsonPathShouldEqual(java.lang.String,java.lang.String)
      java.lang.AssertionError: json path $.status
Expected: "210"
     but: was "200"
	at org.hamcrest.MatcherAssert.assertThat(MatcherAssert.java:20)
	at steps.CommonSteps.jsonPathShouldEqual(CommonSteps.java:58)
	at ✽.the response json path "$.status" should equal "210"(file:///Users/mohammaddaabes/Documents/api/src/test/resources/features/generated/post_admin_v2_customers.feature:67)

[ERROR] Tests run: 46, Failures: 2, Errors: 0, Skipped: 44, Time elapsed: 0.576 s <<< FAILURE! -- in runner.RunCucumberTest
[ERROR] POST /admin/v2/customers.missing required field 'first_name' -- Time elapsed: 1.738 s <<< FAILURE!
java.lang.AssertionError: 
json path $.status
Expected: "210"
     but: was "200"
	at org.hamcrest.MatcherAssert.assertThat(MatcherAssert.java:20)
	at steps.CommonSteps.jsonPathShouldEqual(CommonSteps.java:58)
	at ✽.the response json path "$.status" should equal "210"(file:///Users/mohammaddaabes/Documents/api/src/test/resources/features/generated/post_admin_v2_customers.feature:67)

[ERROR] POST /admin/v2/customers.missing required field 'first_name' -- Time elapsed: 0.536 s <<< FAILURE!
java.lang.AssertionError: 
json path $.status
Expected: "210"
     but: was "200"
	at org.hamcrest.MatcherAssert.assertThat(MatcherAssert.java:20)
	at steps.CommonSteps.jsonPathShouldEqual(CommonSteps.java:58)
	at ✽.the response json path "$.status" should equal "210"(file:///Users/mohammaddaabes/Documents/api/src/test/resources/features/generated/post_admin_v2_customers.feature:67)

[ERROR] Failures: 
[ERROR] POST /admin/v2/customers.missing required field 'first_name'
[ERROR]   Run 1: json path $.status
Expected: "210"
     but: was "200"
[ERROR]   Run 2: json path $.status
Expected: "210"
     but: was "200"
[ERROR] Tests run: 23, Failures: 1, Errors: 0, Skipped: 22
[ERROR] Failed to execute goal org.apache.maven.plugins:maven-surefire-plugin:3.2.5:test (default-test) on project api: There are test failures.
[ERROR] 
[ERROR] Please refer to /Users/mohammaddaabes/Documents/api/target/surefire-reports for the individual test results.
[ERROR] Please refer to dump files (if any exist) [date].dump, [date]-jvmRun[N].dump and [date].dumpstream.
[ERROR] -> [Help 1]
[ERROR] 
[ERROR] To see the full stack trace of the errors, re-run Maven with the -e switch.
[ERROR] Re-run Maven using the -X switch to enable full debug logging.
[ERROR] 
[ERROR] For more information about the errors and possible solutions, please read the following articles:
[ERROR] [Help 1] http://cwiki.apache.org/confluence/display/MAVEN/MojoFailureException
Run finished with non-zero exit code 1
Command finished at 2025-10-03T23:42:36.796882Z
