Starting test run c37b8926-49c0-49da-baaa-b60f83b46383
Feature: /Users/mohammaddaabes/Documents/api/src/test/resources/features/generated/post_admin_v2_customers.feature
Tags: @happy
Names: Happy path generated from cURL
Command started at 2025-10-04T11:12:42.883770Z
WARNING: A terminally deprecated method in sun.misc.Unsafe has been called
WARNING: sun.misc.Unsafe::staticFieldBase has been called by com.google.inject.internal.aop.HiddenClassDefiner (file:/opt/homebrew/Cellar/maven/3.9.10/libexec/lib/guice-5.1.0-classes.jar)
WARNING: Please consider reporting this to the maintainers of class com.google.inject.internal.aop.HiddenClassDefiner
WARNING: sun.misc.Unsafe::staticFieldBase will be removed in a future release
Oct 04, 2025 2:12:45 PM io.cucumber.junit.platform.engine.DiscoverySelectorResolver warnWhenCucumberFeaturesPropertyIsUsed
WARNING: Discovering tests using the cucumber.features property. Other discovery selectors are ignored!
Please request/upvote/sponsor/ect better support for JUnit 5 discovery selectors.
See: https://github.com/cucumber/cucumber-jvm/pull/2498

@happy
Scenario: Happy path generated from cURL                                  # src/test/resources/features/generated/post_admin_v2_customers.feature:12
  Given the API base url is "${BASE_URL}"                                 # steps.CommonSteps.givenBaseUrlEnv(java.lang.String)
  And I use bearer token from env "orders_manager_token"                  # steps.CommonSteps.useBearerTokenFromEnv(java.lang.String)
      java.lang.IllegalStateException: Missing token for key: orders_manager_token (env or properties)
	at support.AuthContext.setBearerFromEnv(AuthContext.java:31)
	at steps.CommonSteps.useBearerTokenFromEnv(CommonSteps.java:261)
	at ✽.I use bearer token from env "orders_manager_token"(file:///Users/mohammaddaabes/Documents/api/src/test/resources/features/generated/post_admin_v2_customers.feature:4)

  And I add header "accept" with value 'application/json'                 # steps.CommonSteps.iAddHeader(java.lang.String,java.lang.String)
  And I add header "accept-language" with value 'ar'                      # steps.CommonSteps.iAddHeader(java.lang.String,java.lang.String)
  And I add header "content-type" with value 'application/json'           # steps.CommonSteps.iAddHeader(java.lang.String,java.lang.String)
  And I add header "pragma" with value 'no-cache'                         # steps.CommonSteps.iAddHeader(java.lang.String,java.lang.String)
  And I add header "s-source" with value 'automation'                     # steps.CommonSteps.iAddHeader(java.lang.String,java.lang.String)
  When I POST to "/admin/v2/customers" with json body:                    # steps.CommonSteps.iVerbToWithJsonBody(java.lang.String,java.lang.String,java.lang.String)
  Then the response status should be 200                                  # steps.CommonSteps.theResponseStatusShouldBe(int)
  Then the response header "Content-Type" should equal "application/json" # steps.CommonSteps.headerShouldEqual(java.lang.String,java.lang.String)

@happy
Scenario: Happy path generated from cURL                                  # src/test/resources/features/generated/post_admin_v2_customers.feature:12
  Given the API base url is "${BASE_URL}"                                 # steps.CommonSteps.givenBaseUrlEnv(java.lang.String)
  And I use bearer token from env "orders_manager_token"                  # steps.CommonSteps.useBearerTokenFromEnv(java.lang.String)
      java.lang.IllegalStateException: Missing token for key: orders_manager_token (env or properties)
	at support.AuthContext.setBearerFromEnv(AuthContext.java:31)
	at steps.CommonSteps.useBearerTokenFromEnv(CommonSteps.java:261)
	at ✽.I use bearer token from env "orders_manager_token"(file:///Users/mohammaddaabes/Documents/api/src/test/resources/features/generated/post_admin_v2_customers.feature:4)

  And I add header "accept" with value 'application/json'                 # steps.CommonSteps.iAddHeader(java.lang.String,java.lang.String)
  And I add header "accept-language" with value 'ar'                      # steps.CommonSteps.iAddHeader(java.lang.String,java.lang.String)
  And I add header "content-type" with value 'application/json'           # steps.CommonSteps.iAddHeader(java.lang.String,java.lang.String)
  And I add header "pragma" with value 'no-cache'                         # steps.CommonSteps.iAddHeader(java.lang.String,java.lang.String)
  And I add header "s-source" with value 'automation'                     # steps.CommonSteps.iAddHeader(java.lang.String,java.lang.String)
  When I POST to "/admin/v2/customers" with json body:                    # steps.CommonSteps.iVerbToWithJsonBody(java.lang.String,java.lang.String,java.lang.String)
  Then the response status should be 200                                  # steps.CommonSteps.theResponseStatusShouldBe(int)
  Then the response header "Content-Type" should equal "application/json" # steps.CommonSteps.headerShouldEqual(java.lang.String,java.lang.String)
[ERROR] Tests run: 46, Failures: 0, Errors: 2, Skipped: 44, Time elapsed: 0.050 s <<< FAILURE! -- in runner.RunCucumberTest
[ERROR] POST /admin/v2/customers.Happy path generated from cURL -- Time elapsed: 0.327 s <<< ERROR!
java.lang.IllegalStateException: Missing token for key: orders_manager_token (env or properties)
	at support.AuthContext.setBearerFromEnv(AuthContext.java:31)
	at steps.CommonSteps.useBearerTokenFromEnv(CommonSteps.java:261)
	at ✽.I use bearer token from env "orders_manager_token"(file:///Users/mohammaddaabes/Documents/api/src/test/resources/features/generated/post_admin_v2_customers.feature:4)

[ERROR] POST /admin/v2/customers.Happy path generated from cURL -- Time elapsed: 0.022 s <<< ERROR!
java.lang.IllegalStateException: Missing token for key: orders_manager_token (env or properties)
	at support.AuthContext.setBearerFromEnv(AuthContext.java:31)
	at steps.CommonSteps.useBearerTokenFromEnv(CommonSteps.java:261)
	at ✽.I use bearer token from env "orders_manager_token"(file:///Users/mohammaddaabes/Documents/api/src/test/resources/features/generated/post_admin_v2_customers.feature:4)

[ERROR] Errors: 
[ERROR] POST /admin/v2/customers.Happy path generated from cURL
[ERROR]   Run 1: Missing token for key: orders_manager_token (env or properties)
[ERROR]   Run 2: Missing token for key: orders_manager_token (env or properties)
[ERROR] Tests run: 23, Failures: 0, Errors: 1, Skipped: 22
[ERROR] Failed to execute goal org.apache.maven.plugins:maven-surefire-plugin:3.2.5:test (default-test) on project api: 
[ERROR] 
[ERROR] Please refer to /Users/mohammaddaabes/Documents/api/target/surefire-reports for the individual test results.
[ERROR] Please refer to dump files (if any exist) [date].dump, [date]-jvmRun[N].dump and [date].dumpstream.
[ERROR] -> [Help 1]
[ERROR] 
[ERROR] To see the full stack trace of the errors, re-run Maven with the -e switch.
[ERROR] Re-run Maven using the -X switch to enable full debug logging.
[ERROR] 
[ERROR] For more information about the errors and possible solutions, please read the following articles:
[ERROR] [Help 1] http://cwiki.apache.org/confluence/display/MAVEN/MojoFailureException
Run finished with non-zero exit code 1
Command finished at 2025-10-04T11:12:46.219875Z
