Starting test run 7cb28d88-c263-4a0b-a556-876af1d7b8cb
Feature: /Users/mohammaddaabes/Documents/api/src/test/resources/features/generated/post_admin_v2_customers.feature
Tags: @happy
Names: Happy path generated from cURL
Command started at 2025-10-04T17:58:10.840033Z
WARNING: A restricted method in java.lang.System has been called
WARNING: java.lang.System::loadLibrary has been called by org.fusesource.hawtjni.runtime.Library in an unnamed module (file:/Users/mohammaddaabes/.m2/wrapper/dists/apache-maven-3.6.3-bin/1iopthnavndlasol9gbrbg6bf2/apache-maven-3.6.3/lib/jansi-1.17.1.jar)
WARNING: Use --enable-native-access=ALL-UNNAMED to avoid a warning for callers in this module
WARNING: Restricted methods will be blocked in a future release unless native access is enabled

WARNING: A terminally deprecated method in sun.misc.Unsafe has been called
WARNING: sun.misc.Unsafe::objectFieldOffset has been called by com.google.common.util.concurrent.AbstractFuture$UnsafeAtomicHelper (file:/Users/mohammaddaabes/.m2/wrapper/dists/apache-maven-3.6.3-bin/1iopthnavndlasol9gbrbg6bf2/apache-maven-3.6.3/lib/guava-25.1-android.jar)
WARNING: Please consider reporting this to the maintainers of class com.google.common.util.concurrent.AbstractFuture$UnsafeAtomicHelper
WARNING: sun.misc.Unsafe::objectFieldOffset will be removed in a future release
Oct 04, 2025 8:58:14 PM io.cucumber.junit.platform.engine.DiscoverySelectorResolver warnWhenCucumberFeaturesPropertyIsUsed
WARNING: Discovering tests using the cucumber.features property. Other discovery selectors are ignored!
Please request/upvote/sponsor/ect better support for JUnit 5 discovery selectors.
See: https://github.com/cucumber/cucumber-jvm/pull/2498

@happy
Scenario: Happy path generated from cURL                                  [90m# src/test/resources/features/generated/post_admin_v2_customers.feature:12[0m
  [32mGiven [0m[32mthe API base url is [0m[32m[1m"${BASE_URL}"[0m                                 [90m# steps.CommonSteps.givenBaseUrlEnv(java.lang.String)[0m
  [31mAnd [0m[31mI use bearer token from env [0m[31m[1m"API_TOKEN"[0m                             [90m# steps.CommonSteps.useBearerTokenFromEnv(java.lang.String)[0m
      [31mjava.lang.IllegalStateException: Missing token for key: API_TOKEN (env or properties)
	at support.AuthContext.setBearerFromEnv(AuthContext.java:31)
	at steps.CommonSteps.useBearerTokenFromEnv(CommonSteps.java:261)
	at ✽.I use bearer token from env "API_TOKEN"(file:///Users/mohammaddaabes/Documents/api/src/test/resources/features/generated/post_admin_v2_customers.feature:4)
[0m
  [36mAnd [0m[36mI add header [0m[36m[1m"accept"[0m[36m with value [0m[36m[1m'application/json'[0m                 [90m# steps.CommonSteps.iAddHeader(java.lang.String,java.lang.String)[0m
  [36mAnd [0m[36mI add header [0m[36m[1m"accept-language"[0m[36m with value [0m[36m[1m'ar'[0m                      [90m# steps.CommonSteps.iAddHeader(java.lang.String,java.lang.String)[0m
  [36mAnd [0m[36mI add header [0m[36m[1m"content-type"[0m[36m with value [0m[36m[1m'application/json'[0m           [90m# steps.CommonSteps.iAddHeader(java.lang.String,java.lang.String)[0m
  [36mAnd [0m[36mI add header [0m[36m[1m"pragma"[0m[36m with value [0m[36m[1m'no-cache'[0m                         [90m# steps.CommonSteps.iAddHeader(java.lang.String,java.lang.String)[0m
  [36mAnd [0m[36mI add header [0m[36m[1m"s-source"[0m[36m with value [0m[36m[1m'automation'[0m                     [90m# steps.CommonSteps.iAddHeader(java.lang.String,java.lang.String)[0m
  [36mWhen [0m[36mI [0m[36m[1mPOST[0m[36m to [0m[36m[1m"/admin/v2/customers"[0m[36m with json body:[0m                    [90m# steps.CommonSteps.iVerbToWithJsonBody(java.lang.String,java.lang.String,java.lang.String)[0m
  [36mThen [0m[36mthe response status should be [0m[36m[1m200[0m                                  [90m# steps.CommonSteps.theResponseStatusShouldBe(int)[0m
  [36mThen [0m[36mthe response header [0m[36m[1m"Content-Type"[0m[36m should equal [0m[36m[1m"application/json"[0m [90m# steps.CommonSteps.headerShouldEqual(java.lang.String,java.lang.String)[0m

@happy
Scenario: Happy path generated from cURL                                  [90m# src/test/resources/features/generated/post_admin_v2_customers.feature:12[0m
  [32mGiven [0m[32mthe API base url is [0m[32m[1m"${BASE_URL}"[0m                                 [90m# steps.CommonSteps.givenBaseUrlEnv(java.lang.String)[0m
  [31mAnd [0m[31mI use bearer token from env [0m[31m[1m"API_TOKEN"[0m                             [90m# steps.CommonSteps.useBearerTokenFromEnv(java.lang.String)[0m
      [31mjava.lang.IllegalStateException: Missing token for key: API_TOKEN (env or properties)
	at support.AuthContext.setBearerFromEnv(AuthContext.java:31)
	at steps.CommonSteps.useBearerTokenFromEnv(CommonSteps.java:261)
	at ✽.I use bearer token from env "API_TOKEN"(file:///Users/mohammaddaabes/Documents/api/src/test/resources/features/generated/post_admin_v2_customers.feature:4)
[0m
  [36mAnd [0m[36mI add header [0m[36m[1m"accept"[0m[36m with value [0m[36m[1m'application/json'[0m                 [90m# steps.CommonSteps.iAddHeader(java.lang.String,java.lang.String)[0m
  [36mAnd [0m[36mI add header [0m[36m[1m"accept-language"[0m[36m with value [0m[36m[1m'ar'[0m                      [90m# steps.CommonSteps.iAddHeader(java.lang.String,java.lang.String)[0m
  [36mAnd [0m[36mI add header [0m[36m[1m"content-type"[0m[36m with value [0m[36m[1m'application/json'[0m           [90m# steps.CommonSteps.iAddHeader(java.lang.String,java.lang.String)[0m
  [36mAnd [0m[36mI add header [0m[36m[1m"pragma"[0m[36m with value [0m[36m[1m'no-cache'[0m                         [90m# steps.CommonSteps.iAddHeader(java.lang.String,java.lang.String)[0m
  [36mAnd [0m[36mI add header [0m[36m[1m"s-source"[0m[36m with value [0m[36m[1m'automation'[0m                     [90m# steps.CommonSteps.iAddHeader(java.lang.String,java.lang.String)[0m
  [36mWhen [0m[36mI [0m[36m[1mPOST[0m[36m to [0m[36m[1m"/admin/v2/customers"[0m[36m with json body:[0m                    [90m# steps.CommonSteps.iVerbToWithJsonBody(java.lang.String,java.lang.String,java.lang.String)[0m
  [36mThen [0m[36mthe response status should be [0m[36m[1m200[0m                                  [90m# steps.CommonSteps.theResponseStatusShouldBe(int)[0m
  [36mThen [0m[36mthe response header [0m[36m[1m"Content-Type"[0m[36m should equal [0m[36m[1m"application/json"[0m [90m# steps.CommonSteps.headerShouldEqual(java.lang.String,java.lang.String)[0m
[[1;31mERROR[m] [1;31mTests [0;1mrun: [0;1m18[m, Failures: 0, [1;31mErrors: [0;1;31m2[m, [1;33mSkipped: [0;1;33m16[m, Time elapsed: 0.039 s[1;31m <<< FAILURE![m -- in runner.[1mRunCucumberTest[m
[[1;31mERROR[m] POST /admin/v2/customers.Happy path generated from cURL -- Time elapsed: 0.453 s <<< ERROR!
java.lang.IllegalStateException: Missing token for key: API_TOKEN (env or properties)
	at support.AuthContext.setBearerFromEnv(AuthContext.java:31)
	at steps.CommonSteps.useBearerTokenFromEnv(CommonSteps.java:261)
	at ✽.I use bearer token from env "API_TOKEN"(file:///Users/mohammaddaabes/Documents/api/src/test/resources/features/generated/post_admin_v2_customers.feature:4)

[[1;31mERROR[m] POST /admin/v2/customers.Happy path generated from cURL -- Time elapsed: 0.016 s <<< ERROR!
java.lang.IllegalStateException: Missing token for key: API_TOKEN (env or properties)
	at support.AuthContext.setBearerFromEnv(AuthContext.java:31)
	at steps.CommonSteps.useBearerTokenFromEnv(CommonSteps.java:261)
	at ✽.I use bearer token from env "API_TOKEN"(file:///Users/mohammaddaabes/Documents/api/src/test/resources/features/generated/post_admin_v2_customers.feature:4)

[[1;31mERROR[m] [1;31mErrors: [m
[[1;31mERROR[m] [1;31mPOST /admin/v2/customers.Happy path generated from cURL[m
[[1;31mERROR[m] [1;31m  Run 1: Missing token for key: API_TOKEN (env or properties)[m
[[1;31mERROR[m] [1;31m  Run 2: Missing token for key: API_TOKEN (env or properties)[m
[[1;31mERROR[m] [1;31mTests run: 9, Failures: 0, Errors: 1, Skipped: 8[m
[[1;31mERROR[m] Failed to execute goal [32morg.apache.maven.plugins:maven-surefire-plugin:3.2.5:test[m [1m(default-test)[m on project [36mapi[m: [1;31m[m
[[1;31mERROR[m] [1;31m[m
[[1;31mERROR[m] [1;31mPlease refer to /Users/mohammaddaabes/Documents/api/target/surefire-reports for the individual test results.[m
[[1;31mERROR[m] [1;31mPlease refer to dump files (if any exist) [date].dump, [date]-jvmRun[N].dump and [date].dumpstream.[m
[[1;31mERROR[m] -> [1m[Help 1][m
[[1;31mERROR[m] 
[[1;31mERROR[m] To see the full stack trace of the errors, re-run Maven with the [1m-e[m switch.
[[1;31mERROR[m] Re-run Maven using the [1m-X[m switch to enable full debug logging.
[[1;31mERROR[m] 
[[1;31mERROR[m] For more information about the errors and possible solutions, please read the following articles:
[[1;31mERROR[m] [1m[Help 1][m http://cwiki.apache.org/confluence/display/MAVEN/MojoFailureException
Run finished with non-zero exit code 1
Command finished at 2025-10-04T17:58:16.015412Z
