Starting test run f9408c0b-0648-4b64-94cb-35a943f4a764
Feature: /Users/mohammaddaabes/Documents/api/src/test/resources/features/generated/test.feature
Command started at 2025-10-06T10:44:52.019281Z
WARNING: A restricted method in java.lang.System has been called
WARNING: java.lang.System::loadLibrary has been called by org.fusesource.hawtjni.runtime.Library in an unnamed module (file:/Users/mohammaddaabes/.m2/wrapper/dists/apache-maven-3.6.3-bin/1iopthnavndlasol9gbrbg6bf2/apache-maven-3.6.3/lib/jansi-1.17.1.jar)
WARNING: Use --enable-native-access=ALL-UNNAMED to avoid a warning for callers in this module
WARNING: Restricted methods will be blocked in a future release unless native access is enabled

WARNING: A terminally deprecated method in sun.misc.Unsafe has been called
WARNING: sun.misc.Unsafe::objectFieldOffset has been called by com.google.common.util.concurrent.AbstractFuture$UnsafeAtomicHelper (file:/Users/mohammaddaabes/.m2/wrapper/dists/apache-maven-3.6.3-bin/1iopthnavndlasol9gbrbg6bf2/apache-maven-3.6.3/lib/guava-25.1-android.jar)
WARNING: Please consider reporting this to the maintainers of class com.google.common.util.concurrent.AbstractFuture$UnsafeAtomicHelper
WARNING: sun.misc.Unsafe::objectFieldOffset will be removed in a future release
Oct 06, 2025 1:44:53 PM io.cucumber.junit.platform.engine.DiscoverySelectorResolver warnWhenCucumberFeaturesPropertyIsUsed
WARNING: Discovering tests using the cucumber.features property. Other discovery selectors are ignored!
Please request/upvote/sponsor/ect better support for JUnit 5 discovery selectors.
See: https://github.com/cucumber/cucumber-jvm/pull/2498

@happy
Scenario: Happy path generated from cURL                                                                                                                           [90m# src/test/resources/features/generated/test.feature:34[0m
  [32mGiven [0m[32mthe API base url is [0m[32m[1m"${BASE_URL}"[0m                                                                                                                          [90m# steps.CommonSteps.givenBaseUrlEnv(java.lang.String)[0m
[AuthContext] envVar=store_customer_token, token=Bearer eyJ0eXAiO...
  [32mAnd [0m[32mI use bearer token from env [0m[32m[1m"store_customer_token"[0m                                                                                                           [90m# steps.CommonSteps.useBearerTokenFromEnv(java.lang.String)[0m
  [32mAnd [0m[32mI add header [0m[32m[1m"accept"[0m[32m with value [0m[32m[1m'application/json, text/plain, */*'[0m                                                                                         [90m# steps.CommonSteps.iAddHeader(java.lang.String,java.lang.String)[0m
  [32mAnd [0m[32mI add header [0m[32m[1m"accept-language"[0m[32m with value [0m[32m[1m'ar'[0m                                                                                                               [90m# steps.CommonSteps.iAddHeader(java.lang.String,java.lang.String)[0m
  [32mAnd [0m[32mI add header [0m[32m[1m"cache-control"[0m[32m with value [0m[32m[1m'no-cache'[0m                                                                                                           [90m# steps.CommonSteps.iAddHeader(java.lang.String,java.lang.String)[0m
  [32mAnd [0m[32mI add header [0m[32m[1m"currency"[0m[32m with value [0m[32m[1m'SAR'[0m                                                                                                                     [90m# steps.CommonSteps.iAddHeader(java.lang.String,java.lang.String)[0m
  [32mAnd [0m[32mI add header [0m[32m[1m"origin"[0m[32m with value [0m[32m[1m'https://salla.sa'[0m                                                                                                          [90m# steps.CommonSteps.iAddHeader(java.lang.String,java.lang.String)[0m
  [32mAnd [0m[32mI add header [0m[32m[1m"pragma"[0m[32m with value [0m[32m[1m'no-cache'[0m                                                                                                                  [90m# steps.CommonSteps.iAddHeader(java.lang.String,java.lang.String)[0m
  [32mAnd [0m[32mI add header [0m[32m[1m"priority"[0m[32m with value [0m[32m[1m'u=1, i'[0m                                                                                                                  [90m# steps.CommonSteps.iAddHeader(java.lang.String,java.lang.String)[0m
  [32mAnd [0m[32mI add header [0m[32m[1m"referer"[0m[32m with value [0m[32m[1m'https://salla.sa/'[0m                                                                                                        [90m# steps.CommonSteps.iAddHeader(java.lang.String,java.lang.String)[0m
  [32mAnd [0m[32mI add header [0m[32m[1m"s-app-os"[0m[32m with value [0m[32m[1m'browser'[0m                                                                                                                 [90m# steps.CommonSteps.iAddHeader(java.lang.String,java.lang.String)[0m
  [32mAnd [0m[32mI add header [0m[32m[1m"s-app-version"[0m[32m with value [0m[32m[1m'v2.0.0'[0m                                                                                                             [90m# steps.CommonSteps.iAddHeader(java.lang.String,java.lang.String)[0m
  [32mAnd [0m[32mI add header [0m[32m[1m"s-country"[0m[32m with value [0m[32m[1m'JO'[0m                                                                                                                     [90m# steps.CommonSteps.iAddHeader(java.lang.String,java.lang.String)[0m
  [32mAnd [0m[32mI add header [0m[32m[1m"s-no-cache"[0m[32m with value [0m[32m[1m'true'[0m                                                                                                                  [90m# steps.CommonSteps.iAddHeader(java.lang.String,java.lang.String)[0m
  [32mAnd [0m[32mI add header [0m[32m[1m"s-ray"[0m[32m with value [0m[32m[1m'100'[0m                                                                                                                        [90m# steps.CommonSteps.iAddHeader(java.lang.String,java.lang.String)[0m
  [32mAnd [0m[32mI add header [0m[32m[1m"s-source"[0m[32m with value [0m[32m[1m'twilight'[0m                                                                                                                [90m# steps.CommonSteps.iAddHeader(java.lang.String,java.lang.String)[0m
  [32mAnd [0m[32mI add header [0m[32m[1m"s-theme-id"[0m[32m with value [0m[32m[1m'1298199463'[0m                                                                                                            [90m# steps.CommonSteps.iAddHeader(java.lang.String,java.lang.String)[0m
  [32mAnd [0m[32mI add header [0m[32m[1m"s-theme-name"[0m[32m with value [0m[32m[1m'1298199463'[0m                                                                                                          [90m# steps.CommonSteps.iAddHeader(java.lang.String,java.lang.String)[0m
  [32mAnd [0m[32mI add header [0m[32m[1m"s-user-id"[0m[32m with value [0m[32m[1m'455300974'[0m                                                                                                              [90m# steps.CommonSteps.iAddHeader(java.lang.String,java.lang.String)[0m
  [32mAnd [0m[32mI add header [0m[32m[1m"s-version-id"[0m[32m with value [0m[32m[1m'1223257969'[0m                                                                                                          [90m# steps.CommonSteps.iAddHeader(java.lang.String,java.lang.String)[0m
  [32mAnd [0m[32mI add header [0m[32m[1m"sec-ch-ua"[0m[32m with value [0m[32m[1m'"Chromium";v="140", "Not=A?Brand";v="24", "Google Chrome";v="140'[0m                                                       [90m# steps.CommonSteps.iAddHeader(java.lang.String,java.lang.String)[0m
  [32mAnd [0m[32mI add header [0m[32m[1m"sec-ch-ua-mobile"[0m[32m with value [0m[32m[1m'?0'[0m                                                                                                              [90m# steps.CommonSteps.iAddHeader(java.lang.String,java.lang.String)[0m
  [32mAnd [0m[32mI add header [0m[32m[1m"sec-ch-ua-platform"[0m[32m with value [0m[32m[1m'"macOS'[0m                                                                                                        [90m# steps.CommonSteps.iAddHeader(java.lang.String,java.lang.String)[0m
  [32mAnd [0m[32mI add header [0m[32m[1m"sec-fetch-dest"[0m[32m with value [0m[32m[1m'empty'[0m                                                                                                             [90m# steps.CommonSteps.iAddHeader(java.lang.String,java.lang.String)[0m
  [32mAnd [0m[32mI add header [0m[32m[1m"sec-fetch-mode"[0m[32m with value [0m[32m[1m'cors'[0m                                                                                                              [90m# steps.CommonSteps.iAddHeader(java.lang.String,java.lang.String)[0m
  [32mAnd [0m[32mI add header [0m[32m[1m"sec-fetch-site"[0m[32m with value [0m[32m[1m'cross-site'[0m                                                                                                        [90m# steps.CommonSteps.iAddHeader(java.lang.String,java.lang.String)[0m
  [32mAnd [0m[32mI add header [0m[32m[1m"store-identifier"[0m[32m with value [0m[32m[1m'1328842359'[0m                                                                                                      [90m# steps.CommonSteps.iAddHeader(java.lang.String,java.lang.String)[0m
  [32mAnd [0m[32mI add header [0m[32m[1m"user-agent"[0m[32m with value [0m[32m[1m'Mozilla/5.0 (Macintosh; Intel Mac OS X 10_15_7) AppleWebKit/537.36 (KHTML, like Gecko) Chrome/140.0.0.0 Safari/537.36'[0m [90m# steps.CommonSteps.iAddHeader(java.lang.String,java.lang.String)[0m
  [32mAnd [0m[32mI add header [0m[32m[1m"x-requested-with"[0m[32m with value [0m[32m[1m'XMLHttpRequest'[0m                                                                                                  [90m# steps.CommonSteps.iAddHeader(java.lang.String,java.lang.String)[0m
Request method:	GET
Request URI:	https://api.salla.dev/store/v1/reviews/?type=products&format=lite&per_page=8&page=1
Body:			<none>
  [32mWhen [0m[32mI [0m[32m[1mGET[0m[32m to [0m[32m[1m"/store/v1/reviews/?type=products&format=lite&per_page=8&page=1"[0m                                                                                   [90m# steps.CommonSteps.iVerbTo(java.lang.String,java.lang.String)[0m
  [32mThen [0m[32mthe response status should be [0m[32m[1m200[0m                                                                                                                           [90m# steps.CommonSteps.theResponseStatusShouldBe(int)[0m
  [32mThen [0m[32mthe response header [0m[32m[1m"Content-Type"[0m[32m should equal [0m[32m[1m"application/json"[0m                                                                                          [90m# steps.CommonSteps.headerShouldEqual(java.lang.String,java.lang.String)[0m
  [32mThen [0m[32mthe response json path [0m[32m[1m"$.status"[0m[32m should equal [0m[32m[1m"200"[0m                                                                                                        [90m# steps.CommonSteps.jsonPathShouldEqual(java.lang.String,java.lang.String)[0m
  [32mThen [0m[32mthe response json path [0m[32m[1m"$.success"[0m[32m should equal [0m[32m[1m"true"[0m                                                                                                      [90m# steps.CommonSteps.jsonPathShouldEqual(java.lang.String,java.lang.String)[0m
  [32mThen [0m[32mthe response json path [0m[32m[1m"$.data"[0m[32m should exist[0m                                                                                                                [90m# steps.CommonSteps.jsonPathShouldExist(java.lang.String)[0m

@auth
Scenario: Missing token returns 401                                                                                                                                [90m# src/test/resources/features/generated/test.feature:43[0m
  [32mGiven [0m[32mthe API base url is [0m[32m[1m"${BASE_URL}"[0m                                                                                                                          [90m# steps.CommonSteps.givenBaseUrlEnv(java.lang.String)[0m
[AuthContext] envVar=store_customer_token, token=Bearer eyJ0eXAiO...
  [32mAnd [0m[32mI use bearer token from env [0m[32m[1m"store_customer_token"[0m                                                                                                           [90m# steps.CommonSteps.useBearerTokenFromEnv(java.lang.String)[0m
  [32mAnd [0m[32mI add header [0m[32m[1m"accept"[0m[32m with value [0m[32m[1m'application/json, text/plain, */*'[0m                                                                                         [90m# steps.CommonSteps.iAddHeader(java.lang.String,java.lang.String)[0m
  [32mAnd [0m[32mI add header [0m[32m[1m"accept-language"[0m[32m with value [0m[32m[1m'ar'[0m                                                                                                               [90m# steps.CommonSteps.iAddHeader(java.lang.String,java.lang.String)[0m
  [32mAnd [0m[32mI add header [0m[32m[1m"cache-control"[0m[32m with value [0m[32m[1m'no-cache'[0m                                                                                                           [90m# steps.CommonSteps.iAddHeader(java.lang.String,java.lang.String)[0m
  [32mAnd [0m[32mI add header [0m[32m[1m"currency"[0m[32m with value [0m[32m[1m'SAR'[0m                                                                                                                     [90m# steps.CommonSteps.iAddHeader(java.lang.String,java.lang.String)[0m
  [32mAnd [0m[32mI add header [0m[32m[1m"origin"[0m[32m with value [0m[32m[1m'https://salla.sa'[0m                                                                                                          [90m# steps.CommonSteps.iAddHeader(java.lang.String,java.lang.String)[0m
  [32mAnd [0m[32mI add header [0m[32m[1m"pragma"[0m[32m with value [0m[32m[1m'no-cache'[0m                                                                                                                  [90m# steps.CommonSteps.iAddHeader(java.lang.String,java.lang.String)[0m
  [32mAnd [0m[32mI add header [0m[32m[1m"priority"[0m[32m with value [0m[32m[1m'u=1, i'[0m                                                                                                                  [90m# steps.CommonSteps.iAddHeader(java.lang.String,java.lang.String)[0m
  [32mAnd [0m[32mI add header [0m[32m[1m"referer"[0m[32m with value [0m[32m[1m'https://salla.sa/'[0m                                                                                                        [90m# steps.CommonSteps.iAddHeader(java.lang.String,java.lang.String)[0m
  [32mAnd [0m[32mI add header [0m[32m[1m"s-app-os"[0m[32m with value [0m[32m[1m'browser'[0m                                                                                                                 [90m# steps.CommonSteps.iAddHeader(java.lang.String,java.lang.String)[0m
  [32mAnd [0m[32mI add header [0m[32m[1m"s-app-version"[0m[32m with value [0m[32m[1m'v2.0.0'[0m                                                                                                             [90m# steps.CommonSteps.iAddHeader(java.lang.String,java.lang.String)[0m
  [32mAnd [0m[32mI add header [0m[32m[1m"s-country"[0m[32m with value [0m[32m[1m'JO'[0m                                                                                                                     [90m# steps.CommonSteps.iAddHeader(java.lang.String,java.lang.String)[0m
  [32mAnd [0m[32mI add header [0m[32m[1m"s-no-cache"[0m[32m with value [0m[32m[1m'true'[0m                                                                                                                  [90m# steps.CommonSteps.iAddHeader(java.lang.String,java.lang.String)[0m
  [32mAnd [0m[32mI add header [0m[32m[1m"s-ray"[0m[32m with value [0m[32m[1m'100'[0m                                                                                                                        [90m# steps.CommonSteps.iAddHeader(java.lang.String,java.lang.String)[0m
  [32mAnd [0m[32mI add header [0m[32m[1m"s-source"[0m[32m with value [0m[32m[1m'twilight'[0m                                                                                                                [90m# steps.CommonSteps.iAddHeader(java.lang.String,java.lang.String)[0m
  [32mAnd [0m[32mI add header [0m[32m[1m"s-theme-id"[0m[32m with value [0m[32m[1m'1298199463'[0m                                                                                                            [90m# steps.CommonSteps.iAddHeader(java.lang.String,java.lang.String)[0m
  [32mAnd [0m[32mI add header [0m[32m[1m"s-theme-name"[0m[32m with value [0m[32m[1m'1298199463'[0m                                                                                                          [90m# steps.CommonSteps.iAddHeader(java.lang.String,java.lang.String)[0m
  [32mAnd [0m[32mI add header [0m[32m[1m"s-user-id"[0m[32m with value [0m[32m[1m'455300974'[0m                                                                                                              [90m# steps.CommonSteps.iAddHeader(java.lang.String,java.lang.String)[0m
  [32mAnd [0m[32mI add header [0m[32m[1m"s-version-id"[0m[32m with value [0m[32m[1m'1223257969'[0m                                                                                                          [90m# steps.CommonSteps.iAddHeader(java.lang.String,java.lang.String)[0m
  [32mAnd [0m[32mI add header [0m[32m[1m"sec-ch-ua"[0m[32m with value [0m[32m[1m'"Chromium";v="140", "Not=A?Brand";v="24", "Google Chrome";v="140'[0m                                                       [90m# steps.CommonSteps.iAddHeader(java.lang.String,java.lang.String)[0m
  [32mAnd [0m[32mI add header [0m[32m[1m"sec-ch-ua-mobile"[0m[32m with value [0m[32m[1m'?0'[0m                                                                                                              [90m# steps.CommonSteps.iAddHeader(java.lang.String,java.lang.String)[0m
  [32mAnd [0m[32mI add header [0m[32m[1m"sec-ch-ua-platform"[0m[32m with value [0m[32m[1m'"macOS'[0m                                                                                                        [90m# steps.CommonSteps.iAddHeader(java.lang.String,java.lang.String)[0m
  [32mAnd [0m[32mI add header [0m[32m[1m"sec-fetch-dest"[0m[32m with value [0m[32m[1m'empty'[0m                                                                                                             [90m# steps.CommonSteps.iAddHeader(java.lang.String,java.lang.String)[0m
  [32mAnd [0m[32mI add header [0m[32m[1m"sec-fetch-mode"[0m[32m with value [0m[32m[1m'cors'[0m                                                                                                              [90m# steps.CommonSteps.iAddHeader(java.lang.String,java.lang.String)[0m
  [32mAnd [0m[32mI add header [0m[32m[1m"sec-fetch-site"[0m[32m with value [0m[32m[1m'cross-site'[0m                                                                                                        [90m# steps.CommonSteps.iAddHeader(java.lang.String,java.lang.String)[0m
  [32mAnd [0m[32mI add header [0m[32m[1m"store-identifier"[0m[32m with value [0m[32m[1m'1328842359'[0m                                                                                                      [90m# steps.CommonSteps.iAddHeader(java.lang.String,java.lang.String)[0m
  [32mAnd [0m[32mI add header [0m[32m[1m"user-agent"[0m[32m with value [0m[32m[1m'Mozilla/5.0 (Macintosh; Intel Mac OS X 10_15_7) AppleWebKit/537.36 (KHTML, like Gecko) Chrome/140.0.0.0 Safari/537.36'[0m [90m# steps.CommonSteps.iAddHeader(java.lang.String,java.lang.String)[0m
  [32mAnd [0m[32mI add header [0m[32m[1m"x-requested-with"[0m[32m with value [0m[32m[1m'XMLHttpRequest'[0m                                                                                                  [90m# steps.CommonSteps.iAddHeader(java.lang.String,java.lang.String)[0m
  [32mGiven [0m[32mI remove authorization header[0m                                                                                                                              [90m# steps.CommonSteps.removeAuthorizationHeader()[0m
Request method:	GET
Request URI:	https://api.salla.dev/store/v1/reviews/?type=products&format=lite&per_page=8&page=1
Body:			<none>
  [32mWhen [0m[32mI [0m[32m[1mGET[0m[32m to [0m[32m[1m"/store/v1/reviews/?type=products&format=lite&per_page=8&page=1"[0m                                                                                   [90m# steps.CommonSteps.iVerbTo(java.lang.String,java.lang.String)[0m
  [31mThen [0m[31mthe response status should be [0m[31m[1m401[0m                                                                                                                           [90m# steps.CommonSteps.theResponseStatusShouldBe(int)[0m
      [31mjava.lang.AssertionError: status code
Expected: <401>
     but: was <200>
	at org.hamcrest.MatcherAssert.assertThat(MatcherAssert.java:20)
	at steps.CommonSteps.theResponseStatusShouldBe(CommonSteps.java:384)
	at ✽.the response status should be 401(file:///Users/mohammaddaabes/Documents/api/src/test/resources/features/generated/test.feature:46)
[0m
  [36mThen [0m[36mthe response header [0m[36m[1m"Content-Type"[0m[36m should equal [0m[36m[1m"application/json"[0m                                                                                          [90m# steps.CommonSteps.headerShouldEqual(java.lang.String,java.lang.String)[0m

@pagination
Scenario: Page 1 returns results                                                                                                                                   [90m# src/test/resources/features/generated/test.feature:50[0m
  [32mGiven [0m[32mthe API base url is [0m[32m[1m"${BASE_URL}"[0m                                                                                                                          [90m# steps.CommonSteps.givenBaseUrlEnv(java.lang.String)[0m
[AuthContext] envVar=store_customer_token, token=Bearer eyJ0eXAiO...
  [32mAnd [0m[32mI use bearer token from env [0m[32m[1m"store_customer_token"[0m                                                                                                           [90m# steps.CommonSteps.useBearerTokenFromEnv(java.lang.String)[0m
  [32mAnd [0m[32mI add header [0m[32m[1m"accept"[0m[32m with value [0m[32m[1m'application/json, text/plain, */*'[0m                                                                                         [90m# steps.CommonSteps.iAddHeader(java.lang.String,java.lang.String)[0m
  [32mAnd [0m[32mI add header [0m[32m[1m"accept-language"[0m[32m with value [0m[32m[1m'ar'[0m                                                                                                               [90m# steps.CommonSteps.iAddHeader(java.lang.String,java.lang.String)[0m
  [32mAnd [0m[32mI add header [0m[32m[1m"cache-control"[0m[32m with value [0m[32m[1m'no-cache'[0m                                                                                                           [90m# steps.CommonSteps.iAddHeader(java.lang.String,java.lang.String)[0m
  [32mAnd [0m[32mI add header [0m[32m[1m"currency"[0m[32m with value [0m[32m[1m'SAR'[0m                                                                                                                     [90m# steps.CommonSteps.iAddHeader(java.lang.String,java.lang.String)[0m
  [32mAnd [0m[32mI add header [0m[32m[1m"origin"[0m[32m with value [0m[32m[1m'https://salla.sa'[0m                                                                                                          [90m# steps.CommonSteps.iAddHeader(java.lang.String,java.lang.String)[0m
  [32mAnd [0m[32mI add header [0m[32m[1m"pragma"[0m[32m with value [0m[32m[1m'no-cache'[0m                                                                                                                  [90m# steps.CommonSteps.iAddHeader(java.lang.String,java.lang.String)[0m
  [32mAnd [0m[32mI add header [0m[32m[1m"priority"[0m[32m with value [0m[32m[1m'u=1, i'[0m                                                                                                                  [90m# steps.CommonSteps.iAddHeader(java.lang.String,java.lang.String)[0m
  [32mAnd [0m[32mI add header [0m[32m[1m"referer"[0m[32m with value [0m[32m[1m'https://salla.sa/'[0m                                                                                                        [90m# steps.CommonSteps.iAddHeader(java.lang.String,java.lang.String)[0m
  [32mAnd [0m[32mI add header [0m[32m[1m"s-app-os"[0m[32m with value [0m[32m[1m'browser'[0m                                                                                                                 [90m# steps.CommonSteps.iAddHeader(java.lang.String,java.lang.String)[0m
  [32mAnd [0m[32mI add header [0m[32m[1m"s-app-version"[0m[32m with value [0m[32m[1m'v2.0.0'[0m                                                                                                             [90m# steps.CommonSteps.iAddHeader(java.lang.String,java.lang.String)[0m
  [32mAnd [0m[32mI add header [0m[32m[1m"s-country"[0m[32m with value [0m[32m[1m'JO'[0m                                                                                                                     [90m# steps.CommonSteps.iAddHeader(java.lang.String,java.lang.String)[0m
  [32mAnd [0m[32mI add header [0m[32m[1m"s-no-cache"[0m[32m with value [0m[32m[1m'true'[0m                                                                                                                  [90m# steps.CommonSteps.iAddHeader(java.lang.String,java.lang.String)[0m
  [32mAnd [0m[32mI add header [0m[32m[1m"s-ray"[0m[32m with value [0m[32m[1m'100'[0m                                                                                                                        [90m# steps.CommonSteps.iAddHeader(java.lang.String,java.lang.String)[0m
  [32mAnd [0m[32mI add header [0m[32m[1m"s-source"[0m[32m with value [0m[32m[1m'twilight'[0m                                                                                                                [90m# steps.CommonSteps.iAddHeader(java.lang.String,java.lang.String)[0m
  [32mAnd [0m[32mI add header [0m[32m[1m"s-theme-id"[0m[32m with value [0m[32m[1m'1298199463'[0m                                                                                                            [90m# steps.CommonSteps.iAddHeader(java.lang.String,java.lang.String)[0m
  [32mAnd [0m[32mI add header [0m[32m[1m"s-theme-name"[0m[32m with value [0m[32m[1m'1298199463'[0m                                                                                                          [90m# steps.CommonSteps.iAddHeader(java.lang.String,java.lang.String)[0m
  [32mAnd [0m[32mI add header [0m[32m[1m"s-user-id"[0m[32m with value [0m[32m[1m'455300974'[0m                                                                                                              [90m# steps.CommonSteps.iAddHeader(java.lang.String,java.lang.String)[0m
  [32mAnd [0m[32mI add header [0m[32m[1m"s-version-id"[0m[32m with value [0m[32m[1m'1223257969'[0m                                                                                                          [90m# steps.CommonSteps.iAddHeader(java.lang.String,java.lang.String)[0m
  [32mAnd [0m[32mI add header [0m[32m[1m"sec-ch-ua"[0m[32m with value [0m[32m[1m'"Chromium";v="140", "Not=A?Brand";v="24", "Google Chrome";v="140'[0m                                                       [90m# steps.CommonSteps.iAddHeader(java.lang.String,java.lang.String)[0m
  [32mAnd [0m[32mI add header [0m[32m[1m"sec-ch-ua-mobile"[0m[32m with value [0m[32m[1m'?0'[0m                                                                                                              [90m# steps.CommonSteps.iAddHeader(java.lang.String,java.lang.String)[0m
  [32mAnd [0m[32mI add header [0m[32m[1m"sec-ch-ua-platform"[0m[32m with value [0m[32m[1m'"macOS'[0m                                                                                                        [90m# steps.CommonSteps.iAddHeader(java.lang.String,java.lang.String)[0m
  [32mAnd [0m[32mI add header [0m[32m[1m"sec-fetch-dest"[0m[32m with value [0m[32m[1m'empty'[0m                                                                                                             [90m# steps.CommonSteps.iAddHeader(java.lang.String,java.lang.String)[0m
  [32mAnd [0m[32mI add header [0m[32m[1m"sec-fetch-mode"[0m[32m with value [0m[32m[1m'cors'[0m                                                                                                              [90m# steps.CommonSteps.iAddHeader(java.lang.String,java.lang.String)[0m
  [32mAnd [0m[32mI add header [0m[32m[1m"sec-fetch-site"[0m[32m with value [0m[32m[1m'cross-site'[0m                                                                                                        [90m# steps.CommonSteps.iAddHeader(java.lang.String,java.lang.String)[0m
  [32mAnd [0m[32mI add header [0m[32m[1m"store-identifier"[0m[32m with value [0m[32m[1m'1328842359'[0m                                                                                                      [90m# steps.CommonSteps.iAddHeader(java.lang.String,java.lang.String)[0m
  [32mAnd [0m[32mI add header [0m[32m[1m"user-agent"[0m[32m with value [0m[32m[1m'Mozilla/5.0 (Macintosh; Intel Mac OS X 10_15_7) AppleWebKit/537.36 (KHTML, like Gecko) Chrome/140.0.0.0 Safari/537.36'[0m [90m# steps.CommonSteps.iAddHeader(java.lang.String,java.lang.String)[0m
  [32mAnd [0m[32mI add header [0m[32m[1m"x-requested-with"[0m[32m with value [0m[32m[1m'XMLHttpRequest'[0m                                                                                                  [90m# steps.CommonSteps.iAddHeader(java.lang.String,java.lang.String)[0m
Request method:	GET
Request URI:	https://api.salla.dev/store/v1/reviews/?type=products&format=lite&per_page=8&page=1
Body:			<none>
  [32mWhen [0m[32mI [0m[32m[1mGET[0m[32m to [0m[32m[1m"/store/v1/reviews/?type=products&format=lite&per_page=8&page=1"[0m                                                                                   [90m# steps.CommonSteps.iVerbTo(java.lang.String,java.lang.String)[0m
  [32mThen [0m[32mthe response status should be [0m[32m[1m200[0m                                                                                                                           [90m# steps.CommonSteps.theResponseStatusShouldBe(int)[0m
  [32mThen [0m[32mthe response header [0m[32m[1m"Content-Type"[0m[32m should equal [0m[32m[1m"application/json"[0m                                                                                          [90m# steps.CommonSteps.headerShouldEqual(java.lang.String,java.lang.String)[0m
  [32mThen [0m[32mthe response json path [0m[32m[1m"$.status"[0m[32m should equal [0m[32m[1m"200"[0m                                                                                                        [90m# steps.CommonSteps.jsonPathShouldEqual(java.lang.String,java.lang.String)[0m
  [32mThen [0m[32mthe response json path [0m[32m[1m"$.success"[0m[32m should equal [0m[32m[1m"true"[0m                                                                                                      [90m# steps.CommonSteps.jsonPathShouldEqual(java.lang.String,java.lang.String)[0m
  [32mThen [0m[32mthe response json path [0m[32m[1m"$.data"[0m[32m should exist[0m                                                                                                                [90m# steps.CommonSteps.jsonPathShouldExist(java.lang.String)[0m
Request method:	GET
Request URI:	https://api.salla.dev/store/v1/reviews/?type=products&format=lite&per_page=8&page=1
Body:			<none>
  [32mWhen [0m[32mI GET to [0m[32m[1m"/store/v1/reviews/?type=products&format=lite&per_page=8&page=1"[0m[32m and remember as [0m[32m[1m"page1"[0m                                                           [90m# steps.CommonSteps.iGetAndRemember(java.lang.String,java.lang.String)[0m
  [32mThen [0m[32mthe response status should be [0m[32m[1m200[0m                                                                                                                           [90m# steps.CommonSteps.theResponseStatusShouldBe(int)[0m
  [32mThen [0m[32mthe response header [0m[32m[1m"Content-Type"[0m[32m should equal [0m[32m[1m"application/json"[0m                                                                                          [90m# steps.CommonSteps.headerShouldEqual(java.lang.String,java.lang.String)[0m
  [32mThen [0m[32mthe response json path [0m[32m[1m"$.status"[0m[32m should equal [0m[32m[1m"200"[0m                                                                                                        [90m# steps.CommonSteps.jsonPathShouldEqual(java.lang.String,java.lang.String)[0m
  [32mThen [0m[32mthe response json path [0m[32m[1m"$.success"[0m[32m should equal [0m[32m[1m"true"[0m                                                                                                      [90m# steps.CommonSteps.jsonPathShouldEqual(java.lang.String,java.lang.String)[0m
  [32mThen [0m[32mthe response json path [0m[32m[1m"$.data"[0m[32m should exist[0m                                                                                                                [90m# steps.CommonSteps.jsonPathShouldExist(java.lang.String)[0m

@pagination
Scenario: Page 2 differs from Page 1                                                                                                                               [90m# src/test/resources/features/generated/test.feature:65[0m
  [32mGiven [0m[32mthe API base url is [0m[32m[1m"${BASE_URL}"[0m                                                                                                                          [90m# steps.CommonSteps.givenBaseUrlEnv(java.lang.String)[0m
[AuthContext] envVar=store_customer_token, token=Bearer eyJ0eXAiO...
  [32mAnd [0m[32mI use bearer token from env [0m[32m[1m"store_customer_token"[0m                                                                                                           [90m# steps.CommonSteps.useBearerTokenFromEnv(java.lang.String)[0m
  [32mAnd [0m[32mI add header [0m[32m[1m"accept"[0m[32m with value [0m[32m[1m'application/json, text/plain, */*'[0m                                                                                         [90m# steps.CommonSteps.iAddHeader(java.lang.String,java.lang.String)[0m
  [32mAnd [0m[32mI add header [0m[32m[1m"accept-language"[0m[32m with value [0m[32m[1m'ar'[0m                                                                                                               [90m# steps.CommonSteps.iAddHeader(java.lang.String,java.lang.String)[0m
  [32mAnd [0m[32mI add header [0m[32m[1m"cache-control"[0m[32m with value [0m[32m[1m'no-cache'[0m                                                                                                           [90m# steps.CommonSteps.iAddHeader(java.lang.String,java.lang.String)[0m
  [32mAnd [0m[32mI add header [0m[32m[1m"currency"[0m[32m with value [0m[32m[1m'SAR'[0m                                                                                                                     [90m# steps.CommonSteps.iAddHeader(java.lang.String,java.lang.String)[0m
  [32mAnd [0m[32mI add header [0m[32m[1m"origin"[0m[32m with value [0m[32m[1m'https://salla.sa'[0m                                                                                                          [90m# steps.CommonSteps.iAddHeader(java.lang.String,java.lang.String)[0m
  [32mAnd [0m[32mI add header [0m[32m[1m"pragma"[0m[32m with value [0m[32m[1m'no-cache'[0m                                                                                                                  [90m# steps.CommonSteps.iAddHeader(java.lang.String,java.lang.String)[0m
  [32mAnd [0m[32mI add header [0m[32m[1m"priority"[0m[32m with value [0m[32m[1m'u=1, i'[0m                                                                                                                  [90m# steps.CommonSteps.iAddHeader(java.lang.String,java.lang.String)[0m
  [32mAnd [0m[32mI add header [0m[32m[1m"referer"[0m[32m with value [0m[32m[1m'https://salla.sa/'[0m                                                                                                        [90m# steps.CommonSteps.iAddHeader(java.lang.String,java.lang.String)[0m
  [32mAnd [0m[32mI add header [0m[32m[1m"s-app-os"[0m[32m with value [0m[32m[1m'browser'[0m                                                                                                                 [90m# steps.CommonSteps.iAddHeader(java.lang.String,java.lang.String)[0m
  [32mAnd [0m[32mI add header [0m[32m[1m"s-app-version"[0m[32m with value [0m[32m[1m'v2.0.0'[0m                                                                                                             [90m# steps.CommonSteps.iAddHeader(java.lang.String,java.lang.String)[0m
  [32mAnd [0m[32mI add header [0m[32m[1m"s-country"[0m[32m with value [0m[32m[1m'JO'[0m                                                                                                                     [90m# steps.CommonSteps.iAddHeader(java.lang.String,java.lang.String)[0m
  [32mAnd [0m[32mI add header [0m[32m[1m"s-no-cache"[0m[32m with value [0m[32m[1m'true'[0m                                                                                                                  [90m# steps.CommonSteps.iAddHeader(java.lang.String,java.lang.String)[0m
  [32mAnd [0m[32mI add header [0m[32m[1m"s-ray"[0m[32m with value [0m[32m[1m'100'[0m                                                                                                                        [90m# steps.CommonSteps.iAddHeader(java.lang.String,java.lang.String)[0m
  [32mAnd [0m[32mI add header [0m[32m[1m"s-source"[0m[32m with value [0m[32m[1m'twilight'[0m                                                                                                                [90m# steps.CommonSteps.iAddHeader(java.lang.String,java.lang.String)[0m
  [32mAnd [0m[32mI add header [0m[32m[1m"s-theme-id"[0m[32m with value [0m[32m[1m'1298199463'[0m                                                                                                            [90m# steps.CommonSteps.iAddHeader(java.lang.String,java.lang.String)[0m
  [32mAnd [0m[32mI add header [0m[32m[1m"s-theme-name"[0m[32m with value [0m[32m[1m'1298199463'[0m                                                                                                          [90m# steps.CommonSteps.iAddHeader(java.lang.String,java.lang.String)[0m
  [32mAnd [0m[32mI add header [0m[32m[1m"s-user-id"[0m[32m with value [0m[32m[1m'455300974'[0m                                                                                                              [90m# steps.CommonSteps.iAddHeader(java.lang.String,java.lang.String)[0m
  [32mAnd [0m[32mI add header [0m[32m[1m"s-version-id"[0m[32m with value [0m[32m[1m'1223257969'[0m                                                                                                          [90m# steps.CommonSteps.iAddHeader(java.lang.String,java.lang.String)[0m
  [32mAnd [0m[32mI add header [0m[32m[1m"sec-ch-ua"[0m[32m with value [0m[32m[1m'"Chromium";v="140", "Not=A?Brand";v="24", "Google Chrome";v="140'[0m                                                       [90m# steps.CommonSteps.iAddHeader(java.lang.String,java.lang.String)[0m
  [32mAnd [0m[32mI add header [0m[32m[1m"sec-ch-ua-mobile"[0m[32m with value [0m[32m[1m'?0'[0m                                                                                                              [90m# steps.CommonSteps.iAddHeader(java.lang.String,java.lang.String)[0m
  [32mAnd [0m[32mI add header [0m[32m[1m"sec-ch-ua-platform"[0m[32m with value [0m[32m[1m'"macOS'[0m                                                                                                        [90m# steps.CommonSteps.iAddHeader(java.lang.String,java.lang.String)[0m
  [32mAnd [0m[32mI add header [0m[32m[1m"sec-fetch-dest"[0m[32m with value [0m[32m[1m'empty'[0m                                                                                                             [90m# steps.CommonSteps.iAddHeader(java.lang.String,java.lang.String)[0m
  [32mAnd [0m[32mI add header [0m[32m[1m"sec-fetch-mode"[0m[32m with value [0m[32m[1m'cors'[0m                                                                                                              [90m# steps.CommonSteps.iAddHeader(java.lang.String,java.lang.String)[0m
  [32mAnd [0m[32mI add header [0m[32m[1m"sec-fetch-site"[0m[32m with value [0m[32m[1m'cross-site'[0m                                                                                                        [90m# steps.CommonSteps.iAddHeader(java.lang.String,java.lang.String)[0m
  [32mAnd [0m[32mI add header [0m[32m[1m"store-identifier"[0m[32m with value [0m[32m[1m'1328842359'[0m                                                                                                      [90m# steps.CommonSteps.iAddHeader(java.lang.String,java.lang.String)[0m
  [32mAnd [0m[32mI add header [0m[32m[1m"user-agent"[0m[32m with value [0m[32m[1m'Mozilla/5.0 (Macintosh; Intel Mac OS X 10_15_7) AppleWebKit/537.36 (KHTML, like Gecko) Chrome/140.0.0.0 Safari/537.36'[0m [90m# steps.CommonSteps.iAddHeader(java.lang.String,java.lang.String)[0m
  [32mAnd [0m[32mI add header [0m[32m[1m"x-requested-with"[0m[32m with value [0m[32m[1m'XMLHttpRequest'[0m                                                                                                  [90m# steps.CommonSteps.iAddHeader(java.lang.String,java.lang.String)[0m
Request method:	GET
Request URI:	https://api.salla.dev/store/v1/reviews/?type=products&format=lite&per_page=8&page=2
Body:			<none>
  [32mWhen [0m[32mI [0m[32m[1mGET[0m[32m to [0m[32m[1m"/store/v1/reviews/?type=products&format=lite&per_page=8&page=2"[0m                                                                                   [90m# steps.CommonSteps.iVerbTo(java.lang.String,java.lang.String)[0m
  [32mThen [0m[32mthe response status should be [0m[32m[1m200[0m                                                                                                                           [90m# steps.CommonSteps.theResponseStatusShouldBe(int)[0m
  [32mThen [0m[32mthe response header [0m[32m[1m"Content-Type"[0m[32m should equal [0m[32m[1m"application/json"[0m                                                                                          [90m# steps.CommonSteps.headerShouldEqual(java.lang.String,java.lang.String)[0m
  [32mThen [0m[32mthe response json path [0m[32m[1m"$.status"[0m[32m should equal [0m[32m[1m"200"[0m                                                                                                        [90m# steps.CommonSteps.jsonPathShouldEqual(java.lang.String,java.lang.String)[0m
  [32mThen [0m[32mthe response json path [0m[32m[1m"$.success"[0m[32m should equal [0m[32m[1m"true"[0m                                                                                                      [90m# steps.CommonSteps.jsonPathShouldEqual(java.lang.String,java.lang.String)[0m
  [33mThen [0m[33mthe response json path "$.data" should[0m

@happy
Scenario: Happy path generated from cURL                                                                                                                           [90m# src/test/resources/features/generated/test.feature:34[0m
  [32mGiven [0m[32mthe API base url is [0m[32m[1m"${BASE_URL}"[0m                                                                                                                          [90m# steps.CommonSteps.givenBaseUrlEnv(java.lang.String)[0m
[AuthContext] envVar=store_customer_token, token=Bearer eyJ0eXAiO...
  [32mAnd [0m[32mI use bearer token from env [0m[32m[1m"store_customer_token"[0m                                                                                                           [90m# steps.CommonSteps.useBearerTokenFromEnv(java.lang.String)[0m
  [32mAnd [0m[32mI add header [0m[32m[1m"accept"[0m[32m with value [0m[32m[1m'application/json, text/plain, */*'[0m                                                                                         [90m# steps.CommonSteps.iAddHeader(java.lang.String,java.lang.String)[0m
  [32mAnd [0m[32mI add header [0m[32m[1m"accept-language"[0m[32m with value [0m[32m[1m'ar'[0m                                                                                                               [90m# steps.CommonSteps.iAddHeader(java.lang.String,java.lang.String)[0m
  [32mAnd [0m[32mI add header [0m[32m[1m"cache-control"[0m[32m with value [0m[32m[1m'no-cache'[0m                                                                                                           [90m# steps.CommonSteps.iAddHeader(java.lang.String,java.lang.String)[0m
  [32mAnd [0m[32mI add header [0m[32m[1m"currency"[0m[32m with value [0m[32m[1m'SAR'[0m                                                                                                                     [90m# steps.CommonSteps.iAddHeader(java.lang.String,java.lang.String)[0m
  [32mAnd [0m[32mI add header [0m[32m[1m"origin"[0m[32m with value [0m[32m[1m'https://salla.sa'[0m                                                                                                          [90m# steps.CommonSteps.iAddHeader(java.lang.String,java.lang.String)[0m
  [32mAnd [0m[32mI add header [0m[32m[1m"pragma"[0m[32m with value [0m[32m[1m'no-cache'[0m                                                                                                                  [90m# steps.CommonSteps.iAddHeader(java.lang.String,java.lang.String)[0m
  [32mAnd [0m[32mI add header [0m[32m[1m"priority"[0m[32m with value [0m[32m[1m'u=1, i'[0m                                                                                                                  [90m# steps.CommonSteps.iAddHeader(java.lang.String,java.lang.String)[0m
  [32mAnd [0m[32mI add header [0m[32m[1m"referer"[0m[32m with value [0m[32m[1m'https://salla.sa/'[0m                                                                                                        [90m# steps.CommonSteps.iAddHeader(java.lang.String,java.lang.String)[0m
  [32mAnd [0m[32mI add header [0m[32m[1m"s-app-os"[0m[32m with value [0m[32m[1m'browser'[0m                                                                                                                 [90m# steps.CommonSteps.iAddHeader(java.lang.String,java.lang.String)[0m
  [32mAnd [0m[32mI add header [0m[32m[1m"s-app-version"[0m[32m with value [0m[32m[1m'v2.0.0'[0m                                                                                                             [90m# steps.CommonSteps.iAddHeader(java.lang.String,java.lang.String)[0m
  [32mAnd [0m[32mI add header [0m[32m[1m"s-country"[0m[32m with value [0m[32m[1m'JO'[0m                                                                                                                     [90m# steps.CommonSteps.iAddHeader(java.lang.String,java.lang.String)[0m
  [32mAnd [0m[32mI add header [0m[32m[1m"s-no-cache"[0m[32m with value [0m[32m[1m'true'[0m                                                                                                                  [90m# steps.CommonSteps.iAddHeader(java.lang.String,java.lang.String)[0m
  [32mAnd [0m[32mI add header [0m[32m[1m"s-ray"[0m[32m with value [0m[32m[1m'100'[0m                                                                                                                        [90m# steps.CommonSteps.iAddHeader(java.lang.String,java.lang.String)[0m
  [32mAnd [0m[32mI add header [0m[32m[1m"s-source"[0m[32m with value [0m[32m[1m'twilight'[0m                                                                                                                [90m# steps.CommonSteps.iAddHeader(java.lang.String,java.lang.String)[0m
  [32mAnd [0m[32mI add header [0m[32m[1m"s-theme-id"[0m[32m with value [0m[32m[1m'1298199463'[0m                                                                                                            [90m# steps.CommonSteps.iAddHeader(java.lang.String,java.lang.String)[0m
  [32mAnd [0m[32mI add header [0m[32m[1m"s-theme-name"[0m[32m with value [0m[32m[1m'1298199463'[0m                                                                                                          [90m# steps.CommonSteps.iAddHeader(java.lang.String,java.lang.String)[0m
  [32mAnd [0m[32mI add header [0m[32m[1m"s-user-id"[0m[32m with value [0m[32m[1m'455300974'[0m                                                                                                              [90m# steps.CommonSteps.iAddHeader(java.lang.String,java.lang.String)[0m
  [32mAnd [0m[32mI add header [0m[32m[1m"s-version-id"[0m[32m with value [0m[32m[1m'1223257969'[0m                                                                                                          [90m# steps.CommonSteps.iAddHeader(java.lang.String,java.lang.String)[0m
  [32mAnd [0m[32mI add header [0m[32m[1m"sec-ch-ua"[0m[32m with value [0m[32m[1m'"Chromium";v="140", "Not=A?Brand";v="24", "Google Chrome";v="140'[0m                                                       [90m# steps.CommonSteps.iAddHeader(java.lang.String,java.lang.String)[0m
  [32mAnd [0m[32mI add header [0m[32m[1m"sec-ch-ua-mobile"[0m[32m with value [0m[32m[1m'?0'[0m                                                                                                              [90m# steps.CommonSteps.iAddHeader(java.lang.String,java.lang.String)[0m
  [32mAnd [0m[32mI add header [0m[32m[1m"sec-ch-ua-platform"[0m[32m with value [0m[32m[1m'"macOS'[0m                                                                                                        [90m# steps.CommonSteps.iAddHeader(java.lang.String,java.lang.String)[0m
  [32mAnd [0m[32mI add header [0m[32m[1m"sec-fetch-dest"[0m[32m with value [0m[32m[1m'empty'[0m                                                                                                             [90m# steps.CommonSteps.iAddHeader(java.lang.String,java.lang.String)[0m
  [32mAnd [0m[32mI add header [0m[32m[1m"sec-fetch-mode"[0m[32m with value [0m[32m[1m'cors'[0m                                                                                                              [90m# steps.CommonSteps.iAddHeader(java.lang.String,java.lang.String)[0m
  [32mAnd [0m[32mI add header [0m[32m[1m"sec-fetch-site"[0m[32m with value [0m[32m[1m'cross-site'[0m                                                                                                        [90m# steps.CommonSteps.iAddHeader(java.lang.String,java.lang.String)[0m
  [32mAnd [0m[32mI add header [0m[32m[1m"store-identifier"[0m[32m with value [0m[32m[1m'1328842359'[0m                                                                                                      [90m# steps.CommonSteps.iAddHeader(java.lang.String,java.lang.String)[0m
  [32mAnd [0m[32mI add header [0m[32m[1m"user-agent"[0m[32m with value [0m[32m[1m'Mozilla/5.0 (Macintosh; Intel Mac OS X 10_15_7) AppleWebKit/537.36 (KHTML, like Gecko) Chrome/140.0.0.0 Safari/537.36'[0m [90m# steps.CommonSteps.iAddHeader(java.lang.String,java.lang.String)[0m
  [32mAnd [0m[32mI add header [0m[32m[1m"x-requested-with"[0m[32m with value [0m[32m[1m'XMLHttpRequest'[0m                                                                                                  [90m# steps.CommonSteps.iAddHeader(java.lang.String,java.lang.String)[0m
Request method:	GET
Request URI:	https://api.salla.dev/store/v1/reviews/?type=products&format=lite&per_page=8&page=1
Body:			<none>
  [32mWhen [0m[32mI [0m[32m[1mGET[0m[32m to [0m[32m[1m"/store/v1/reviews/?type=products&format=lite&per_page=8&page=1"[0m                                                                                   [90m# steps.CommonSteps.iVerbTo(java.lang.String,java.lang.String)[0m
  [32mThen [0m[32mthe response status should be [0m[32m[1m200[0m                                                                                                                           [90m# steps.CommonSteps.theResponseStatusShouldBe(int)[0m
  [32mThen [0m[32mthe response header [0m[32m[1m"Content-Type"[0m[32m should equal [0m[32m[1m"application/json"[0m                                                                                          [90m# steps.CommonSteps.headerShouldEqual(java.lang.String,java.lang.String)[0m
  [32mThen [0m[32mthe response json path [0m[32m[1m"$.status"[0m[32m should equal [0m[32m[1m"200"[0m                                                                                                        [90m# steps.CommonSteps.jsonPathShouldEqual(java.lang.String,java.lang.String)[0m
  [32mThen [0m[32mthe response json path [0m[32m[1m"$.success"[0m[32m should equal [0m[32m[1m"true"[0m                                                                                                      [90m# steps.CommonSteps.jsonPathShouldEqual(java.lang.String,java.lang.String)[0m
  [32mThen [0m[32mthe response json path [0m[32m[1m"$.data"[0m[32m should exist[0m                                                                                                                [90m# steps.CommonSteps.jsonPathShouldExist(java.lang.String)[0m

@auth
Scenario: Missing token returns 401                                                                                                                                [90m# src/test/resources/features/generated/test.feature:43[0m
  [32mGiven [0m[32mthe API base url is [0m[32m[1m"${BASE_URL}"[0m                                                                                                                          [90m# steps.CommonSteps.givenBaseUrlEnv(java.lang.String)[0m
[AuthContext] envVar=store_customer_token, token=Bearer eyJ0eXAiO...
  [32mAnd [0m[32mI use bearer token from env [0m[32m[1m"store_customer_token"[0m                                                                                                           [90m# steps.CommonSteps.useBearerTokenFromEnv(java.lang.String)[0m
  [32mAnd [0m[32mI add header [0m[32m[1m"accept"[0m[32m with value [0m[32m[1m'application/json, text/plain, */*'[0m                                                                                         [90m# steps.CommonSteps.iAddHeader(java.lang.String,java.lang.String)[0m
  [32mAnd [0m[32mI add header [0m[32m[1m"accept-language"[0m[32m with value [0m[32m[1m'ar'[0m                                                                                                               [90m# steps.CommonSteps.iAddHeader(java.lang.String,java.lang.String)[0m
  [32mAnd [0m[32mI add header [0m[32m[1m"cache-control"[0m[32m with value [0m[32m[1m'no-cache'[0m                                                                                                           [90m# steps.CommonSteps.iAddHeader(java.lang.String,java.lang.String)[0m
  [32mAnd [0m[32mI add header [0m[32m[1m"currency"[0m[32m with value [0m[32m[1m'SAR'[0m                                                                                                                     [90m# steps.CommonSteps.iAddHeader(java.lang.String,java.lang.String)[0m
  [32mAnd [0m[32mI add header [0m[32m[1m"origin"[0m[32m with value [0m[32m[1m'https://salla.sa'[0m                                                                                                          [90m# steps.CommonSteps.iAddHeader(java.lang.String,java.lang.String)[0m
  [32mAnd [0m[32mI add header [0m[32m[1m"pragma"[0m[32m with value [0m[32m[1m'no-cache'[0m                                                                                                                  [90m# steps.CommonSteps.iAddHeader(java.lang.String,java.lang.String)[0m
  [32mAnd [0m[32mI add header [0m[32m[1m"priority"[0m[32m with value [0m[32m[1m'u=1, i'[0m                                                                                                                  [90m# steps.CommonSteps.iAddHeader(java.lang.String,java.lang.String)[0m
  [32mAnd [0m[32mI add header [0m[32m[1m"referer"[0m[32m with value [0m[32m[1m'https://salla.sa/'[0m                                                                                                        [90m# steps.CommonSteps.iAddHeader(java.lang.String,java.lang.String)[0m
  [32mAnd [0m[32mI add header [0m[32m[1m"s-app-os"[0m[32m with value [0m[32m[1m'browser'[0m                                                                                                                 [90m# steps.CommonSteps.iAddHeader(java.lang.String,java.lang.String)[0m
  [32mAnd [0m[32mI add header [0m[32m[1m"s-app-version"[0m[32m with value [0m[32m[1m'v2.0.0'[0m                                                                                                             [90m# steps.CommonSteps.iAddHeader(java.lang.String,java.lang.String)[0m
  [32mAnd [0m[32mI add header [0m[32m[1m"s-country"[0m[32m with value [0m[32m[1m'JO'[0m                                                                                                                     [90m# steps.CommonSteps.iAddHeader(java.lang.String,java.lang.String)[0m
  [32mAnd [0m[32mI add header [0m[32m[1m"s-no-cache"[0m[32m with value [0m[32m[1m'true'[0m                                                                                                                  [90m# steps.CommonSteps.iAddHeader(java.lang.String,java.lang.String)[0m
  [32mAnd [0m[32mI add header [0m[32m[1m"s-ray"[0m[32m with value [0m[32m[1m'100'[0m                                                                                                                        [90m# steps.CommonSteps.iAddHeader(java.lang.String,java.lang.String)[0m
  [32mAnd [0m[32mI add header [0m[32m[1m"s-source"[0m[32m with value [0m[32m[1m'twilight'[0m                                                                                                                [90m# steps.CommonSteps.iAddHeader(java.lang.String,java.lang.String)[0m
  [32mAnd [0m[32mI add header [0m[32m[1m"s-theme-id"[0m[32m with value [0m[32m[1m'1298199463'[0m                                                                                                            [90m# steps.CommonSteps.iAddHeader(java.lang.String,java.lang.String)[0m
  [32mAnd [0m[32mI add header [0m[32m[1m"s-theme-name"[0m[32m with value [0m[32m[1m'1298199463'[0m                                                                                                          [90m# steps.CommonSteps.iAddHeader(java.lang.String,java.lang.String)[0m
  [32mAnd [0m[32mI add header [0m[32m[1m"s-user-id"[0m[32m with value [0m[32m[1m'455300974'[0m                                                                                                              [90m# steps.CommonSteps.iAddHeader(java.lang.String,java.lang.String)[0m
  [32mAnd [0m[32mI add header [0m[32m[1m"s-version-id"[0m[32m with value [0m[32m[1m'1223257969'[0m                                                                                                          [90m# steps.CommonSteps.iAddHeader(java.lang.String,java.lang.String)[0m
  [32mAnd [0m[32mI add header [0m[32m[1m"sec-ch-ua"[0m[32m with value [0m[32m[1m'"Chromium";v="140", "Not=A?Brand";v="24", "Google Chrome";v="140'[0m                                                       [90m# steps.CommonSteps.iAddHeader(java.lang.String,java.lang.String)[0m
  [32mAnd [0m[32mI add header [0m[32m[1m"sec-ch-ua-mobile"[0m[32m with value [0m[32m[1m'?0'[0m                                                                                                              [90m# steps.CommonSteps.iAddHeader(java.lang.String,java.lang.String)[0m
  [32mAnd [0m[32mI add header [0m[32m[1m"sec-ch-ua-platform"[0m[32m with value [0m[32m[1m'"macOS'[0m                                                                                                        [90m# steps.CommonSteps.iAddHeader(java.lang.String,java.lang.String)[0m
  [32mAnd [0m[32mI add header [0m[32m[1m"sec-fetch-dest"[0m[32m with value [0m[32m[1m'empty'[0m                                                                                                             [90m# steps.CommonSteps.iAddHeader(java.lang.String,java.lang.String)[0m
  [32mAnd [0m[32mI add header [0m[32m[1m"sec-fetch-mode"[0m[32m with value [0m[32m[1m'cors'[0m                                                                                                              [90m# steps.CommonSteps.iAddHeader(java.lang.String,java.lang.String)[0m
  [32mAnd [0m[32mI add header [0m[32m[1m"sec-fetch-site"[0m[32m with value [0m[32m[1m'cross-site'[0m                                                                                                        [90m# steps.CommonSteps.iAddHeader(java.lang.String,java.lang.String)[0m
  [32mAnd [0m[32mI add header [0m[32m[1m"store-identifier"[0m[32m with value [0m[32m[1m'1328842359'[0m                                                                                                      [90m# steps.CommonSteps.iAddHeader(java.lang.String,java.lang.String)[0m
  [32mAnd [0m[32mI add header [0m[32m[1m"user-agent"[0m[32m with value [0m[32m[1m'Mozilla/5.0 (Macintosh; Intel Mac OS X 10_15_7) AppleWebKit/537.36 (KHTML, like Gecko) Chrome/140.0.0.0 Safari/537.36'[0m [90m# steps.CommonSteps.iAddHeader(java.lang.String,java.lang.String)[0m
  [32mAnd [0m[32mI add header [0m[32m[1m"x-requested-with"[0m[32m with value [0m[32m[1m'XMLHttpRequest'[0m                                                                                                  [90m# steps.CommonSteps.iAddHeader(java.lang.String,java.lang.String)[0m
  [32mGiven [0m[32mI remove authorization header[0m                                                                                                                              [90m# steps.CommonSteps.removeAuthorizationHeader()[0m
Request method:	GET
Request URI:	https://api.salla.dev/store/v1/reviews/?type=products&format=lite&per_page=8&page=1
Body:			<none>
  [32mWhen [0m[32mI [0m[32m[1mGET[0m[32m to [0m[32m[1m"/store/v1/reviews/?type=products&format=lite&per_page=8&page=1"[0m                                                                                   [90m# steps.CommonSteps.iVerbTo(java.lang.String,java.lang.String)[0m
  [31mThen [0m[31mthe response status should be [0m[31m[1m401[0m                                                                                                                           [90m# steps.CommonSteps.theResponseStatusShouldBe(int)[0m
      [31mjava.lang.AssertionError: status code
Expected: <401>
     but: was <200>
	at org.hamcrest.MatcherAssert.assertThat(MatcherAssert.java:20)
	at steps.CommonSteps.theResponseStatusShouldBe(CommonSteps.java:384)
	at ✽.the response status should be 401(file:///Users/mohammaddaabes/Documents/api/src/test/resources/features/generated/test.feature:46)
[0m
  [36mThen [0m[36mthe response header [0m[36m[1m"Content-Type"[0m[36m should equal [0m[36m[1m"application/json"[0m                                                                                          [90m# steps.CommonSteps.headerShouldEqual(java.lang.String,java.lang.String)[0m

@pagination
Scenario: Page 1 returns results                                                                                                                                   [90m# src/test/resources/features/generated/test.feature:50[0m
  [32mGiven [0m[32mthe API base url is [0m[32m[1m"${BASE_URL}"[0m                                                                                                                          [90m# steps.CommonSteps.givenBaseUrlEnv(java.lang.String)[0m
[AuthContext] envVar=store_customer_token, token=Bearer eyJ0eXAiO...
  [32mAnd [0m[32mI use bearer token from env [0m[32m[1m"store_customer_token"[0m                                                                                                           [90m# steps.CommonSteps.useBearerTokenFromEnv(java.lang.String)[0m
  [32mAnd [0m[32mI add header [0m[32m[1m"accept"[0m[32m with value [0m[32m[1m'application/json, text/plain, */*'[0m                                                                                         [90m# steps.CommonSteps.iAddHeader(java.lang.String,java.lang.String)[0m
  [32mAnd [0m[32mI add header [0m[32m[1m"accept-language"[0m[32m with value [0m[32m[1m'ar'[0m                                                                                                               [90m# steps.CommonSteps.iAddHeader(java.lang.String,java.lang.String)[0m
  [32mAnd [0m[32mI add header [0m[32m[1m"cache-control"[0m[32m with value [0m[32m[1m'no-cache'[0m                                                                                                           [90m# steps.CommonSteps.iAddHeader(java.lang.String,java.lang.String)[0m
  [32mAnd [0m[32mI add header [0m[32m[1m"currency"[0m[32m with value [0m[32m[1m'SAR'[0m                                                                                                                     [90m# steps.CommonSteps.iAddHeader(java.lang.String,java.lang.String)[0m
  [32mAnd [0m[32mI add header [0m[32m[1m"origin"[0m[32m with value [0m[32m[1m'https://salla.sa'[0m                                                                                                          [90m# steps.CommonSteps.iAddHeader(java.lang.String,java.lang.String)[0m
  [32mAnd [0m[32mI add header [0m[32m[1m"pragma"[0m[32m with value [0m[32m[1m'no-cache'[0m                                                                                                                  [90m# steps.CommonSteps.iAddHeader(java.lang.String,java.lang.String)[0m
  [32mAnd [0m[32mI add header [0m[32m[1m"priority"[0m[32m with value [0m[32m[1m'u=1, i'[0m                                                                                                                  [90m# steps.CommonSteps.iAddHeader(java.lang.String,java.lang.String)[0m
  [32mAnd [0m[32mI add header [0m[32m[1m"referer"[0m[32m with value [0m[32m[1m'https://salla.sa/'[0m                                                                                                        [90m# steps.CommonSteps.iAddHeader(java.lang.String,java.lang.String)[0m
  [32mAnd [0m[32mI add header [0m[32m[1m"s-app-os"[0m[32m with value [0m[32m[1m'browser'[0m                                                                                                                 [90m# steps.CommonSteps.iAddHeader(java.lang.String,java.lang.String)[0m
  [32mAnd [0m[32mI add header [0m[32m[1m"s-app-version"[0m[32m with value [0m[32m[1m'v2.0.0'[0m                                                                                                             [90m# steps.CommonSteps.iAddHeader(java.lang.String,java.lang.String)[0m
  [32mAnd [0m[32mI add header [0m[32m[1m"s-country"[0m[32m with value [0m[32m[1m'JO'[0m                                                                                                                     [90m# steps.CommonSteps.iAddHeader(java.lang.String,java.lang.String)[0m
  [32mAnd [0m[32mI add header [0m[32m[1m"s-no-cache"[0m[32m with value [0m[32m[1m'true'[0m                                                                                                                  [90m# steps.CommonSteps.iAddHeader(java.lang.String,java.lang.String)[0m
  [32mAnd [0m[32mI add header [0m[32m[1m"s-ray"[0m[32m with value [0m[32m[1m'100'[0m                                                                                                                        [90m# steps.CommonSteps.iAddHeader(java.lang.String,java.lang.String)[0m
  [32mAnd [0m[32mI add header [0m[32m[1m"s-source"[0m[32m with value [0m[32m[1m'twilight'[0m                                                                                                                [90m# steps.CommonSteps.iAddHeader(java.lang.String,java.lang.String)[0m
  [32mAnd [0m[32mI add header [0m[32m[1m"s-theme-id"[0m[32m with value [0m[32m[1m'1298199463'[0m                                                                                                            [90m# steps.CommonSteps.iAddHeader(java.lang.String,java.lang.String)[0m
  [32mAnd [0m[32mI add header [0m[32m[1m"s-theme-name"[0m[32m with value [0m[32m[1m'1298199463'[0m                                                                                                          [90m# steps.CommonSteps.iAddHeader(java.lang.String,java.lang.String)[0m
  [32mAnd [0m[32mI add header [0m[32m[1m"s-user-id"[0m[32m with value [0m[32m[1m'455300974'[0m                                                                                                              [90m# steps.CommonSteps.iAddHeader(java.lang.String,java.lang.String)[0m
  [32mAnd [0m[32mI add header [0m[32m[1m"s-version-id"[0m[32m with value [0m[32m[1m'1223257969'[0m                                                                                                          [90m# steps.CommonSteps.iAddHeader(java.lang.String,java.lang.String)[0m
  [32mAnd [0m[32mI add header [0m[32m[1m"sec-ch-ua"[0m[32m with value [0m[32m[1m'"Chromium";v="140", "Not=A?Brand";v="24", "Google Chrome";v="140'[0m                                                       [90m# steps.CommonSteps.iAddHeader(java.lang.String,java.lang.String)[0m
  [32mAnd [0m[32mI add header [0m[32m[1m"sec-ch-ua-mobile"[0m[32m with value [0m[32m[1m'?0'[0m                                                                                                              [90m# steps.CommonSteps.iAddHeader(java.lang.String,java.lang.String)[0m
  [32mAnd [0m[32mI add header [0m[32m[1m"sec-ch-ua-platform"[0m[32m with value [0m[32m[1m'"macOS'[0m                                                                                                        [90m# steps.CommonSteps.iAddHeader(java.lang.String,java.lang.String)[0m
  [32mAnd [0m[32mI add header [0m[32m[1m"sec-fetch-dest"[0m[32m with value [0m[32m[1m'empty'[0m                                                                                                             [90m# steps.CommonSteps.iAddHeader(java.lang.String,java.lang.String)[0m
  [32mAnd [0m[32mI add header [0m[32m[1m"sec-fetch-mode"[0m[32m with value [0m[32m[1m'cors'[0m                                                                                                              [90m# steps.CommonSteps.iAddHeader(java.lang.String,java.lang.String)[0m
  [32mAnd [0m[32mI add header [0m[32m[1m"sec-fetch-site"[0m[32m with value [0m[32m[1m'cross-site'[0m                                                                                                        [90m# steps.CommonSteps.iAddHeader(java.lang.String,java.lang.String)[0m
  [32mAnd [0m[32mI add header [0m[32m[1m"store-identifier"[0m[32m with value [0m[32m[1m'1328842359'[0m                                                                                                      [90m# steps.CommonSteps.iAddHeader(java.lang.String,java.lang.String)[0m
  [32mAnd [0m[32mI add header [0m[32m[1m"user-agent"[0m[32m with value [0m[32m[1m'Mozilla/5.0 (Macintosh; Intel Mac OS X 10_15_7) AppleWebKit/537.36 (KHTML, like Gecko) Chrome/140.0.0.0 Safari/537.36'[0m [90m# steps.CommonSteps.iAddHeader(java.lang.String,java.lang.String)[0m
  [32mAnd [0m[32mI add header [0m[32m[1m"x-requested-with"[0m[32m with value [0m[32m[1m'XMLHttpRequest'[0m                                                                                                  [90m# steps.CommonSteps.iAddHeader(java.lang.String,java.lang.String)[0m
Request method:	GET
Request URI:	https://api.salla.dev/store/v1/reviews/?type=products&format=lite&per_page=8&page=1
Body:			<none>
  [32mWhen [0m[32mI [0m[32m[1mGET[0m[32m to [0m[32m[1m"/store/v1/reviews/?type=products&format=lite&per_page=8&page=1"[0m                                                                                   [90m# steps.CommonSteps.iVerbTo(java.lang.String,java.lang.String)[0m
  [32mThen [0m[32mthe response status should be [0m[32m[1m200[0m                                                                                                                           [90m# steps.CommonSteps.theResponseStatusShouldBe(int)[0m
  [32mThen [0m[32mthe response header [0m[32m[1m"Content-Type"[0m[32m should equal [0m[32m[1m"application/json"[0m                                                                                          [90m# steps.CommonSteps.headerShouldEqual(java.lang.String,java.lang.String)[0m
  [32mThen [0m[32mthe response json path [0m[32m[1m"$.status"[0m[32m should equal [0m[32m[1m"200"[0m                                                                                                        [90m# steps.CommonSteps.jsonPathShouldEqual(java.lang.String,java.lang.String)[0m
  [32mThen [0m[32mthe response json path [0m[32m[1m"$.success"[0m[32m should equal [0m[32m[1m"true"[0m                                                                                                      [90m# steps.CommonSteps.jsonPathShouldEqual(java.lang.String,java.lang.String)[0m
  [32mThen [0m[32mthe response json path [0m[32m[1m"$.data"[0m[32m should exist[0m                                                                                                                [90m# steps.CommonSteps.jsonPathShouldExist(java.lang.String)[0m
Request method:	GET
Request URI:	https://api.salla.dev/store/v1/reviews/?type=products&format=lite&per_page=8&page=1
Body:			<none>
  [32mWhen [0m[32mI GET to [0m[32m[1m"/store/v1/reviews/?type=products&format=lite&per_page=8&page=1"[0m[32m and remember as [0m[32m[1m"page1"[0m                                                           [90m# steps.CommonSteps.iGetAndRemember(java.lang.String,java.lang.String)[0m
  [32mThen [0m[32mthe response status should be [0m[32m[1m200[0m                                                                                                                           [90m# steps.CommonSteps.theResponseStatusShouldBe(int)[0m
  [32mThen [0m[32mthe response header [0m[32m[1m"Content-Type"[0m[32m should equal [0m[32m[1m"application/json"[0m                                                                                          [90m# steps.CommonSteps.headerShouldEqual(java.lang.String,java.lang.String)[0m
  [32mThen [0m[32mthe response json path [0m[32m[1m"$.status"[0m[32m should equal [0m[32m[1m"200"[0m                                                                                                        [90m# steps.CommonSteps.jsonPathShouldEqual(java.lang.String,java.lang.String)[0m
  [32mThen [0m[32mthe response json path [0m[32m[1m"$.success"[0m[32m should equal [0m[32m[1m"true"[0m                                                                                                      [90m# steps.CommonSteps.jsonPathShouldEqual(java.lang.String,java.lang.String)[0m
  [32mThen [0m[32mthe response json path [0m[32m[1m"$.data"[0m[32m should exist[0m                                                                                                                [90m# steps.CommonSteps.jsonPathShouldExist(java.lang.String)[0m

@pagination
Scenario: Page 2 differs from Page 1                                                                                                                               [90m# src/test/resources/features/generated/test.feature:65[0m
  [32mGiven [0m[32mthe API base url is [0m[32m[1m"${BASE_URL}"[0m                                                                                                                          [90m# steps.CommonSteps.givenBaseUrlEnv(java.lang.String)[0m
[AuthContext] envVar=store_customer_token, token=Bearer eyJ0eXAiO...
  [32mAnd [0m[32mI use bearer token from env [0m[32m[1m"store_customer_token"[0m                                                                                                           [90m# steps.CommonSteps.useBearerTokenFromEnv(java.lang.String)[0m
  [32mAnd [0m[32mI add header [0m[32m[1m"accept"[0m[32m with value [0m[32m[1m'application/json, text/plain, */*'[0m                                                                                         [90m# steps.CommonSteps.iAddHeader(java.lang.String,java.lang.String)[0m
  [32mAnd [0m[32mI add header [0m[32m[1m"accept-language"[0m[32m with value [0m[32m[1m'ar'[0m                                                                                                               [90m# steps.CommonSteps.iAddHeader(java.lang.String,java.lang.String)[0m
  [32mAnd [0m[32mI add header [0m[32m[1m"cache-control"[0m[32m with value [0m[32m[1m'no-cache'[0m                                                                                                           [90m# steps.CommonSteps.iAddHeader(java.lang.String,java.lang.String)[0m
  [32mAnd [0m[32mI add header [0m[32m[1m"currency"[0m[32m with value [0m[32m[1m'SAR'[0m                                                                                                                     [90m# steps.CommonSteps.iAddHeader(java.lang.String,java.lang.String)[0m
  [32mAnd [0m[32mI add header [0m[32m[1m"origin"[0m[32m with value [0m[32m[1m'https://salla.sa'[0m                                                                                                          [90m# steps.CommonSteps.iAddHeader(java.lang.String,java.lang.String)[0m
  [32mAnd [0m[32mI add header [0m[32m[1m"pragma"[0m[32m with value [0m[32m[1m'no-cache'[0m                                                                                                                  [90m# steps.CommonSteps.iAddHeader(java.lang.String,java.lang.String)[0m
  [32mAnd [0m[32mI add header [0m[32m[1m"priority"[0m[32m with value [0m[32m[1m'u=1, i'[0m                                                                                                                  [90m# steps.CommonSteps.iAddHeader(java.lang.String,java.lang.String)[0m
  [32mAnd [0m[32mI add header [0m[32m[1m"referer"[0m[32m with value [0m[32m[1m'https://salla.sa/'[0m                                                                                                        [90m# steps.CommonSteps.iAddHeader(java.lang.String,java.lang.String)[0m
  [32mAnd [0m[32mI add header [0m[32m[1m"s-app-os"[0m[32m with value [0m[32m[1m'browser'[0m                                                                                                                 [90m# steps.CommonSteps.iAddHeader(java.lang.String,java.lang.String)[0m
  [32mAnd [0m[32mI add header [0m[32m[1m"s-app-version"[0m[32m with value [0m[32m[1m'v2.0.0'[0m                                                                                                             [90m# steps.CommonSteps.iAddHeader(java.lang.String,java.lang.String)[0m
  [32mAnd [0m[32mI add header [0m[32m[1m"s-country"[0m[32m with value [0m[32m[1m'JO'[0m                                                                                                                     [90m# steps.CommonSteps.iAddHeader(java.lang.String,java.lang.String)[0m
  [32mAnd [0m[32mI add header [0m[32m[1m"s-no-cache"[0m[32m with value [0m[32m[1m'true'[0m                                                                                                                  [90m# steps.CommonSteps.iAddHeader(java.lang.String,java.lang.String)[0m
  [32mAnd [0m[32mI add header [0m[32m[1m"s-ray"[0m[32m with value [0m[32m[1m'100'[0m                                                                                                                        [90m# steps.CommonSteps.iAddHeader(java.lang.String,java.lang.String)[0m
  [32mAnd [0m[32mI add header [0m[32m[1m"s-source"[0m[32m with value [0m[32m[1m'twilight'[0m                                                                                                                [90m# steps.CommonSteps.iAddHeader(java.lang.String,java.lang.String)[0m
  [32mAnd [0m[32mI add header [0m[32m[1m"s-theme-id"[0m[32m with value [0m[32m[1m'1298199463'[0m                                                                                                            [90m# steps.CommonSteps.iAddHeader(java.lang.String,java.lang.String)[0m
  [32mAnd [0m[32mI add header [0m[32m[1m"s-theme-name"[0m[32m with value [0m[32m[1m'1298199463'[0m                                                                                                          [90m# steps.CommonSteps.iAddHeader(java.lang.String,java.lang.String)[0m
  [32mAnd [0m[32mI add header [0m[32m[1m"s-user-id"[0m[32m with value [0m[32m[1m'455300974'[0m                                                                                                              [90m# steps.CommonSteps.iAddHeader(java.lang.String,java.lang.String)[0m
  [32mAnd [0m[32mI add header [0m[32m[1m"s-version-id"[0m[32m with value [0m[32m[1m'1223257969'[0m                                                                                                          [90m# steps.CommonSteps.iAddHeader(java.lang.String,java.lang.String)[0m
  [32mAnd [0m[32mI add header [0m[32m[1m"sec-ch-ua"[0m[32m with value [0m[32m[1m'"Chromium";v="140", "Not=A?Brand";v="24", "Google Chrome";v="140'[0m                                                       [90m# steps.CommonSteps.iAddHeader(java.lang.String,java.lang.String)[0m
  [32mAnd [0m[32mI add header [0m[32m[1m"sec-ch-ua-mobile"[0m[32m with value [0m[32m[1m'?0'[0m                                                                                                              [90m# steps.CommonSteps.iAddHeader(java.lang.String,java.lang.String)[0m
  [32mAnd [0m[32mI add header [0m[32m[1m"sec-ch-ua-platform"[0m[32m with value [0m[32m[1m'"macOS'[0m                                                                                                        [90m# steps.CommonSteps.iAddHeader(java.lang.String,java.lang.String)[0m
  [32mAnd [0m[32mI add header [0m[32m[1m"sec-fetch-dest"[0m[32m with value [0m[32m[1m'empty'[0m                                                                                                             [90m# steps.CommonSteps.iAddHeader(java.lang.String,java.lang.String)[0m
  [32mAnd [0m[32mI add header [0m[32m[1m"sec-fetch-mode"[0m[32m with value [0m[32m[1m'cors'[0m                                                                                                              [90m# steps.CommonSteps.iAddHeader(java.lang.String,java.lang.String)[0m
  [32mAnd [0m[32mI add header [0m[32m[1m"sec-fetch-site"[0m[32m with value [0m[32m[1m'cross-site'[0m                                                                                                        [90m# steps.CommonSteps.iAddHeader(java.lang.String,java.lang.String)[0m
  [32mAnd [0m[32mI add header [0m[32m[1m"store-identifier"[0m[32m with value [0m[32m[1m'1328842359'[0m                                                                                                      [90m# steps.CommonSteps.iAddHeader(java.lang.String,java.lang.String)[0m
  [32mAnd [0m[32mI add header [0m[32m[1m"user-agent"[0m[32m with value [0m[32m[1m'Mozilla/5.0 (Macintosh; Intel Mac OS X 10_15_7) AppleWebKit/537.36 (KHTML, like Gecko) Chrome/140.0.0.0 Safari/537.36'[0m [90m# steps.CommonSteps.iAddHeader(java.lang.String,java.lang.String)[0m
  [32mAnd [0m[32mI add header [0m[32m[1m"x-requested-with"[0m[32m with value [0m[32m[1m'XMLHttpRequest'[0m                                                                                                  [90m# steps.CommonSteps.iAddHeader(java.lang.String,java.lang.String)[0m
Request method:	GET
Request URI:	https://api.salla.dev/store/v1/reviews/?type=products&format=lite&per_page=8&page=2
Body:			<none>
  [32mWhen [0m[32mI [0m[32m[1mGET[0m[32m to [0m[32m[1m"/store/v1/reviews/?type=products&format=lite&per_page=8&page=2"[0m                                                                                   [90m# steps.CommonSteps.iVerbTo(java.lang.String,java.lang.String)[0m
  [32mThen [0m[32mthe response status should be [0m[32m[1m200[0m                                                                                                                           [90m# steps.CommonSteps.theResponseStatusShouldBe(int)[0m
  [32mThen [0m[32mthe response header [0m[32m[1m"Content-Type"[0m[32m should equal [0m[32m[1m"application/json"[0m                                                                                          [90m# steps.CommonSteps.headerShouldEqual(java.lang.String,java.lang.String)[0m
  [32mThen [0m[32mthe response json path [0m[32m[1m"$.status"[0m[32m should equal [0m[32m[1m"200"[0m                                                                                                        [90m# steps.CommonSteps.jsonPathShouldEqual(java.lang.String,java.lang.String)[0m
  [32mThen [0m[32mthe response json path [0m[32m[1m"$.success"[0m[32m should equal [0m[32m[1m"true"[0m                                                                                                      [90m# steps.CommonSteps.jsonPathShouldEqual(java.lang.String,java.lang.String)[0m
  [33mThen [0m[33mthe response json path "$.data" should[0m
[[1;31mERROR[m] [1;31mTests [0;1mrun: [0;1m8[m, [1;31mFailures: [0;1;31m2[m, [1;31mErrors: [0;1;31m2[m, Skipped: 0, Time elapsed: 1.478 s[1;31m <<< FAILURE![m -- in runner.[1mRunCucumberTest[m
[[1;31mERROR[m] GET /store/v1/reviews/?type=products&format=lite&per_page=8&page=1.Missing token returns 401 -- Time elapsed: 0.297 s <<< FAILURE!
java.lang.AssertionError: 
status code
Expected: <401>
     but: was <200>
	at org.hamcrest.MatcherAssert.assertThat(MatcherAssert.java:20)
	at steps.CommonSteps.theResponseStatusShouldBe(CommonSteps.java:384)
	at ✽.the response status should be 401(file:///Users/mohammaddaabes/Documents/api/src/test/resources/features/generated/test.feature:46)

[[1;31mERROR[m] GET /store/v1/reviews/?type=products&format=lite&per_page=8&page=1.Page 2 differs from Page 1 -- Time elapsed: 1.315 s <<< ERROR!
io.cucumber.junit.platform.engine.UndefinedStepException: 
The step 'the response json path "$.data" should' is undefined.
You can implement this step using the snippet(s) below:

@Then("the response json path {string} should")
public void the_response_json_path_should(String string) {
    // Write code here that turns the phrase above into concrete actions
    throw new io.cucumber.java.PendingException();
}

	at io.cucumber.core.runtime.TestCaseResultObserver.assertTestCasePassed(TestCaseResultObserver.java:69)
	at io.cucumber.junit.platform.engine.TestCaseResultObserver.assertTestCasePassed(TestCaseResultObserver.java:22)
	at io.cucumber.junit.platform.engine.CucumberEngineExecutionContext.lambda$runTestCase$4(CucumberEngineExecutionContext.java:114)
	at io.cucumber.core.runtime.CucumberExecutionContext.lambda$runTestCase$5(CucumberExecutionContext.java:137)
	at io.cucumber.core.runtime.RethrowingThrowableCollector.executeAndThrow(RethrowingThrowableCollector.java:23)
	at io.cucumber.core.runtime.CucumberExecutionContext.runTestCase(CucumberExecutionContext.java:137)
	at io.cucumber.junit.platform.engine.CucumberEngineExecutionContext.runTestCase(CucumberEngineExecutionContext.java:109)
	at io.cucumber.junit.platform.engine.NodeDescriptor$PickleDescriptor.execute(NodeDescriptor.java:168)
	at io.cucumber.junit.platform.engine.NodeDescriptor$PickleDescriptor.execute(NodeDescriptor.java:90)
	at java.base/java.util.ArrayList.forEach(ArrayList.java:1604)
	at java.base/java.util.ArrayList.forEach(ArrayList.java:1604)

[[1;31mERROR[m] GET /store/v1/reviews/?type=products&format=lite&per_page=8&page=1.Missing token returns 401 -- Time elapsed: 0.256 s <<< FAILURE!
java.lang.AssertionError: 
status code
Expected: <401>
     but: was <200>
	at org.hamcrest.MatcherAssert.assertThat(MatcherAssert.java:20)
	at steps.CommonSteps.theResponseStatusShouldBe(CommonSteps.java:384)
	at ✽.the response status should be 401(file:///Users/mohammaddaabes/Documents/api/src/test/resources/features/generated/test.feature:46)

[[1;31mERROR[m] GET /store/v1/reviews/?type=products&format=lite&per_page=8&page=1.Page 2 differs from Page 1 -- Time elapsed: 0.280 s <<< ERROR!
io.cucumber.junit.platform.engine.UndefinedStepException: 
The step 'the response json path "$.data" should' is undefined.
You can implement this step using the snippet(s) below:

@Then("the response json path {string} should")
public void the_response_json_path_should(String string) {
    // Write code here that turns the phrase above into concrete actions
    throw new io.cucumber.java.PendingException();
}

	at io.cucumber.core.runtime.TestCaseResultObserver.assertTestCasePassed(TestCaseResultObserver.java:69)
	at io.cucumber.junit.platform.engine.TestCaseResultObserver.assertTestCasePassed(TestCaseResultObserver.java:22)
	at io.cucumber.junit.platform.engine.CucumberEngineExecutionContext.lambda$runTestCase$4(CucumberEngineExecutionContext.java:114)
	at io.cucumber.core.runtime.CucumberExecutionContext.lambda$runTestCase$5(CucumberExecutionContext.java:137)
	at io.cucumber.core.runtime.RethrowingThrowableCollector.executeAndThrow(RethrowingThrowableCollector.java:23)
	at io.cucumber.core.runtime.CucumberExecutionContext.runTestCase(CucumberExecutionContext.java:137)
	at io.cucumber.junit.platform.engine.CucumberEngineExecutionContext.runTestCase(CucumberEngineExecutionContext.java:109)
	at io.cucumber.junit.platform.engine.NodeDescriptor$PickleDescriptor.execute(NodeDescriptor.java:168)
	at io.cucumber.junit.platform.engine.NodeDescriptor$PickleDescriptor.execute(NodeDescriptor.java:90)
	at java.base/java.util.ArrayList.forEach(ArrayList.java:1604)
	at java.base/java.util.ArrayList.forEach(ArrayList.java:1604)

[[1;31mERROR[m] [1;31mFailures: [m
[[1;31mERROR[m] [1;31mGET /store/v1/reviews/?type=products&format=lite&per_page=8&page=1.Missing token returns 401[m
[[1;31mERROR[m] [1;31m  Run 1: status code
Expected: <401>
     but: was <200>[m
[[1;31mERROR[m] [1;31m  Run 2: status code
Expected: <401>
     but: was <200>[m
[[1;31mERROR[m] [1;31mErrors: [m
[[1;31mERROR[m] [1;31mGET /store/v1/reviews/?type=products&format=lite&per_page=8&page=1.Page 2 differs from Page 1[m
[[1;31mERROR[m] [1;31m  Run 1: The step 'the response json path "$.data" should' is undefined.
You can implement this step using the snippet(s) below:

@Then("the response json path {string} should")
public void the_response_json_path_should(String string) {
    // Write code here that turns the phrase above into concrete actions
    throw new io.cucumber.java.PendingException();
}
[m
[[1;31mERROR[m] [1;31m  Run 2: The step 'the response json path "$.data" should' is undefined.
You can implement this step using the snippet(s) below:

@Then("the response json path {string} should")
public void the_response_json_path_should(String string) {
    // Write code here that turns the phrase above into concrete actions
    throw new io.cucumber.java.PendingException();
}
[m
[[1;31mERROR[m] [1;31mTests run: 6, Failures: 1, Errors: 1, Skipped: 0[m
[[1;31mERROR[m] Failed to execute goal [32morg.apache.maven.plugins:maven-surefire-plugin:3.2.5:test[m [1m(default-test)[m on project [36mapi[m: [1;31mThere are test failures.[m
[[1;31mERROR[m] [1;31m[m
[[1;31mERROR[m] [1;31mPlease refer to /Users/mohammaddaabes/Documents/api/target/surefire-reports for the individual test results.[m
[[1;31mERROR[m] [1;31mPlease refer to dump files (if any exist) [date].dump, [date]-jvmRun[N].dump and [date].dumpstream.[m
[[1;31mERROR[m] -> [1m[Help 1][m
[[1;31mERROR[m] 
[[1;31mERROR[m] To see the full stack trace of the errors, re-run Maven with the [1m-e[m switch.
[[1;31mERROR[m] Re-run Maven using the [1m-X[m switch to enable full debug logging.
[[1;31mERROR[m] 
[[1;31mERROR[m] For more information about the errors and possible solutions, please read the following articles:
[[1;31mERROR[m] [1m[Help 1][m http://cwiki.apache.org/confluence/display/MAVEN/MojoFailureException
Run finished with non-zero exit code 1
Command finished at 2025-10-06T10:44:59.606290Z
