Starting test run 7259d903-dc9d-4e61-89c7-3cad53530983
Feature: /Users/mohammaddaabes/Documents/api/src/test/resources/features/generated/moenew.feature
Tags: @positive
Names: Positive cases from dataset
Command started at 2025-10-03T22:38:40.472706Z
WARNING: A terminally deprecated method in sun.misc.Unsafe has been called
WARNING: sun.misc.Unsafe::staticFieldBase has been called by com.google.inject.internal.aop.HiddenClassDefiner (file:/opt/homebrew/Cellar/maven/3.9.10/libexec/lib/guice-5.1.0-classes.jar)
WARNING: Please consider reporting this to the maintainers of class com.google.inject.internal.aop.HiddenClassDefiner
WARNING: sun.misc.Unsafe::staticFieldBase will be removed in a future release
Oct 04, 2025 1:38:42 AM io.cucumber.junit.platform.engine.DiscoverySelectorResolver warnWhenCucumberFeaturesPropertyIsUsed
WARNING: Discovering tests using the cucumber.features property. Other discovery selectors are ignored!
Please request/upvote/sponsor/ect better support for JUnit 5 discovery selectors.
See: https://github.com/cucumber/cucumber-jvm/pull/2498

@positive
Scenario Outline: Positive cases from dataset                                            # src/test/resources/features/generated/moenew.feature:19
  Given the API base url is "${BASE_URL}"                                                # steps.CommonSteps.givenBaseUrlEnv(java.lang.String)
  And I use bearer token from env "API_TOKEN"                                            # steps.CommonSteps.useBearerTokenFromEnv(java.lang.String)
  And I add header "accept" with value 'application/json'                                # steps.CommonSteps.iAddHeader(java.lang.String,java.lang.String)
  And I add header "accept-language" with value 'ar'                                     # steps.CommonSteps.iAddHeader(java.lang.String,java.lang.String)
  And I add header "content-type" with value 'application/json'                          # steps.CommonSteps.iAddHeader(java.lang.String,java.lang.String)
  And I add header "pragma" with value 'no-cache'                                        # steps.CommonSteps.iAddHeader(java.lang.String,java.lang.String)
  And I add header "s-source" with value 'automation'                                    # steps.CommonSteps.iAddHeader(java.lang.String,java.lang.String)
Request method:	POST
Request URI:	https://api.salla.dev/admin/v2/customers
Body:
{
    "first_name": "moe",
    "last_name": "daabes",
    "email": "m.daabes+93253@salla.sa",
    "birthday": "08-09-2015",
    "gender": "male",
    "mobile_code_country": 962,
    "mobile": 799798444
}
  When I POST to "/admin/v2/customers" with json body from csv "datasets/bsss.csv" row 1 # steps.CommonSteps.iVerbToWithJsonBodyFromCsv(java.lang.String,java.lang.String,java.lang.String,int)
  Then the response status should be from csv column "__expected_status" row 1           # steps.CommonSteps.theResponseStatusShouldBeFromCsv(java.lang.String,int)
      java.lang.AssertionError: status code
Expected: <200>
     but: was <401>
	at org.hamcrest.MatcherAssert.assertThat(MatcherAssert.java:20)
	at steps.CommonSteps.theResponseStatusShouldBe(CommonSteps.java:380)
	at steps.CommonSteps.theResponseStatusShouldBeFromCsv(CommonSteps.java:398)
	at ✽.the response status should be from csv column "__expected_status" row 1(file:///Users/mohammaddaabes/Documents/api/src/test/resources/features/generated/moenew.feature:14)

  Then the response header "Content-Type" should equal "application/json"                # steps.CommonSteps.headerShouldEqual(java.lang.String,java.lang.String)

@positive
Scenario Outline: Positive cases from dataset                                            # src/test/resources/features/generated/moenew.feature:20
  Given the API base url is "${BASE_URL}"                                                # steps.CommonSteps.givenBaseUrlEnv(java.lang.String)
  And I use bearer token from env "API_TOKEN"                                            # steps.CommonSteps.useBearerTokenFromEnv(java.lang.String)
  And I add header "accept" with value 'application/json'                                # steps.CommonSteps.iAddHeader(java.lang.String,java.lang.String)
  And I add header "accept-language" with value 'ar'                                     # steps.CommonSteps.iAddHeader(java.lang.String,java.lang.String)
  And I add header "content-type" with value 'application/json'                          # steps.CommonSteps.iAddHeader(java.lang.String,java.lang.String)
  And I add header "pragma" with value 'no-cache'                                        # steps.CommonSteps.iAddHeader(java.lang.String,java.lang.String)
  And I add header "s-source" with value 'automation'                                    # steps.CommonSteps.iAddHeader(java.lang.String,java.lang.String)
Request method:	POST
Request URI:	https://api.salla.dev/admin/v2/customers
Body:
{
    "first_name": "sara",
    "last_name": "khaled",
    "email": "sara.khaled+1@salla.sa",
    "birthday": "16-10-1997",
    "gender": "female",
    "mobile_code_country": 966,
    "mobile": 512345678
}
  When I POST to "/admin/v2/customers" with json body from csv "datasets/bsss.csv" row 2 # steps.CommonSteps.iVerbToWithJsonBodyFromCsv(java.lang.String,java.lang.String,java.lang.String,int)
  Then the response status should be from csv column "__expected_status" row 2           # steps.CommonSteps.theResponseStatusShouldBeFromCsv(java.lang.String,int)
      java.lang.AssertionError: status code
Expected: <200>
     but: was <401>
	at org.hamcrest.MatcherAssert.assertThat(MatcherAssert.java:20)
	at steps.CommonSteps.theResponseStatusShouldBe(CommonSteps.java:380)
	at steps.CommonSteps.theResponseStatusShouldBeFromCsv(CommonSteps.java:398)
	at ✽.the response status should be from csv column "__expected_status" row 2(file:///Users/mohammaddaabes/Documents/api/src/test/resources/features/generated/moenew.feature:14)

  Then the response header "Content-Type" should equal "application/json"                # steps.CommonSteps.headerShouldEqual(java.lang.String,java.lang.String)

@positive
Scenario Outline: Positive cases from dataset                                            # src/test/resources/features/generated/moenew.feature:21
  Given the API base url is "${BASE_URL}"                                                # steps.CommonSteps.givenBaseUrlEnv(java.lang.String)
  And I use bearer token from env "API_TOKEN"                                            # steps.CommonSteps.useBearerTokenFromEnv(java.lang.String)
  And I add header "accept" with value 'application/json'                                # steps.CommonSteps.iAddHeader(java.lang.String,java.lang.String)
  And I add header "accept-language" with value 'ar'                                     # steps.CommonSteps.iAddHeader(java.lang.String,java.lang.String)
  And I add header "content-type" with value 'application/json'                          # steps.CommonSteps.iAddHeader(java.lang.String,java.lang.String)
  And I add header "pragma" with value 'no-cache'                                        # steps.CommonSteps.iAddHeader(java.lang.String,java.lang.String)
  And I add header "s-source" with value 'automation'                                    # steps.CommonSteps.iAddHeader(java.lang.String,java.lang.String)
Request method:	POST
Request URI:	https://api.salla.dev/admin/v2/customers
Body:
{
    "first_name": null,
    "last_name": "daabes",
    "email": "m.daabes+93253@salla.sa",
    "birthday": "08-09-2015",
    "gender": "male",
    "mobile_code_country": 962,
    "mobile": 799798444
}
  When I POST to "/admin/v2/customers" with json body from csv "datasets/bsss.csv" row 3 # steps.CommonSteps.iVerbToWithJsonBodyFromCsv(java.lang.String,java.lang.String,java.lang.String,int)
  Then the response status should be from csv column "__expected_status" row 3           # steps.CommonSteps.theResponseStatusShouldBeFromCsv(java.lang.String,int)
      java.lang.AssertionError: status code
Expected: <200>
     but: was <401>
	at org.hamcrest.MatcherAssert.assertThat(MatcherAssert.java:20)
	at steps.CommonSteps.theResponseStatusShouldBe(CommonSteps.java:380)
	at steps.CommonSteps.theResponseStatusShouldBeFromCsv(CommonSteps.java:398)
	at ✽.the response status should be from csv column "__expected_status" row 3(file:///Users/mohammaddaabes/Documents/api/src/test/resources/features/generated/moenew.feature:14)

  Then the response header "Content-Type" should equal "application/json"                # steps.CommonSteps.headerShouldEqual(java.lang.String,java.lang.String)

@positive
Scenario Outline: Positive cases from dataset                                            # src/test/resources/features/generated/moenew.feature:22
  Given the API base url is "${BASE_URL}"                                                # steps.CommonSteps.givenBaseUrlEnv(java.lang.String)
  And I use bearer token from env "API_TOKEN"                                            # steps.CommonSteps.useBearerTokenFromEnv(java.lang.String)
  And I add header "accept" with value 'application/json'                                # steps.CommonSteps.iAddHeader(java.lang.String,java.lang.String)
  And I add header "accept-language" with value 'ar'                                     # steps.CommonSteps.iAddHeader(java.lang.String,java.lang.String)
  And I add header "content-type" with value 'application/json'                          # steps.CommonSteps.iAddHeader(java.lang.String,java.lang.String)
  And I add header "pragma" with value 'no-cache'                                        # steps.CommonSteps.iAddHeader(java.lang.String,java.lang.String)
  And I add header "s-source" with value 'automation'                                    # steps.CommonSteps.iAddHeader(java.lang.String,java.lang.String)
Request method:	POST
Request URI:	https://api.salla.dev/admin/v2/customers
Body:
{
    "first_name": "moe",
    "last_name": null,
    "email": "m.daabes+93253@salla.sa",
    "birthday": "08-09-2015",
    "gender": "male",
    "mobile_code_country": 962,
    "mobile": 799798444
}
  When I POST to "/admin/v2/customers" with json body from csv "datasets/bsss.csv" row 4 # steps.CommonSteps.iVerbToWithJsonBodyFromCsv(java.lang.String,java.lang.String,java.lang.String,int)
  Then the response status should be from csv column "__expected_status" row 4           # steps.CommonSteps.theResponseStatusShouldBeFromCsv(java.lang.String,int)
      java.lang.AssertionError: status code
Expected: <200>
     but: was <401>
	at org.hamcrest.MatcherAssert.assertThat(MatcherAssert.java:20)
	at steps.CommonSteps.theResponseStatusShouldBe(CommonSteps.java:380)
	at steps.CommonSteps.theResponseStatusShouldBeFromCsv(CommonSteps.java:398)
	at ✽.the response status should be from csv column "__expected_status" row 4(file:///Users/mohammaddaabes/Documents/api/src/test/resources/features/generated/moenew.feature:14)

  Then the response header "Content-Type" should equal "application/json"                # steps.CommonSteps.headerShouldEqual(java.lang.String,java.lang.String)

@positive
Scenario Outline: Positive cases from dataset                                            # src/test/resources/features/generated/moenew.feature:23
  Given the API base url is "${BASE_URL}"                                                # steps.CommonSteps.givenBaseUrlEnv(java.lang.String)
  And I use bearer token from env "API_TOKEN"                                            # steps.CommonSteps.useBearerTokenFromEnv(java.lang.String)
  And I add header "accept" with value 'application/json'                                # steps.CommonSteps.iAddHeader(java.lang.String,java.lang.String)
  And I add header "accept-language" with value 'ar'                                     # steps.CommonSteps.iAddHeader(java.lang.String,java.lang.String)
  And I add header "content-type" with value 'application/json'                          # steps.CommonSteps.iAddHeader(java.lang.String,java.lang.String)
  And I add header "pragma" with value 'no-cache'                                        # steps.CommonSteps.iAddHeader(java.lang.String,java.lang.String)
  And I add header "s-source" with value 'automation'                                    # steps.CommonSteps.iAddHeader(java.lang.String,java.lang.String)
Request method:	POST
Request URI:	https://api.salla.dev/admin/v2/customers
Body:
{
    "first_name": "moe",
    "last_name": "daabes",
    "email": null,
    "birthday": "08-09-2015",
    "gender": "male",
    "mobile_code_country": 962,
    "mobile": 799798444
}
  When I POST to "/admin/v2/customers" with json body from csv "datasets/bsss.csv" row 5 # steps.CommonSteps.iVerbToWithJsonBodyFromCsv(java.lang.String,java.lang.String,java.lang.String,int)
  Then the response status should be from csv column "__expected_status" row 5           # steps.CommonSteps.theResponseStatusShouldBeFromCsv(java.lang.String,int)
      java.lang.AssertionError: status code
Expected: <200>
     but: was <401>
	at org.hamcrest.MatcherAssert.assertThat(MatcherAssert.java:20)
	at steps.CommonSteps.theResponseStatusShouldBe(CommonSteps.java:380)
	at steps.CommonSteps.theResponseStatusShouldBeFromCsv(CommonSteps.java:398)
	at ✽.the response status should be from csv column "__expected_status" row 5(file:///Users/mohammaddaabes/Documents/api/src/test/resources/features/generated/moenew.feature:14)

  Then the response header "Content-Type" should equal "application/json"                # steps.CommonSteps.headerShouldEqual(java.lang.String,java.lang.String)

@positive
Scenario Outline: Positive cases from dataset                                            # src/test/resources/features/generated/moenew.feature:19
  Given the API base url is "${BASE_URL}"                                                # steps.CommonSteps.givenBaseUrlEnv(java.lang.String)
  And I use bearer token from env "API_TOKEN"                                            # steps.CommonSteps.useBearerTokenFromEnv(java.lang.String)
  And I add header "accept" with value 'application/json'                                # steps.CommonSteps.iAddHeader(java.lang.String,java.lang.String)
  And I add header "accept-language" with value 'ar'                                     # steps.CommonSteps.iAddHeader(java.lang.String,java.lang.String)
  And I add header "content-type" with value 'application/json'                          # steps.CommonSteps.iAddHeader(java.lang.String,java.lang.String)
  And I add header "pragma" with value 'no-cache'                                        # steps.CommonSteps.iAddHeader(java.lang.String,java.lang.String)
  And I add header "s-source" with value 'automation'                                    # steps.CommonSteps.iAddHeader(java.lang.String,java.lang.String)
Request method:	POST
Request URI:	https://api.salla.dev/admin/v2/customers
Body:
{
    "first_name": "moe",
    "last_name": "daabes",
    "email": "m.daabes+93253@salla.sa",
    "birthday": "08-09-2015",
    "gender": "male",
    "mobile_code_country": 962,
    "mobile": 799798444
}
  When I POST to "/admin/v2/customers" with json body from csv "datasets/bsss.csv" row 1 # steps.CommonSteps.iVerbToWithJsonBodyFromCsv(java.lang.String,java.lang.String,java.lang.String,int)
  Then the response status should be from csv column "__expected_status" row 1           # steps.CommonSteps.theResponseStatusShouldBeFromCsv(java.lang.String,int)
      java.lang.AssertionError: status code
Expected: <200>
     but: was <401>
	at org.hamcrest.MatcherAssert.assertThat(MatcherAssert.java:20)
	at steps.CommonSteps.theResponseStatusShouldBe(CommonSteps.java:380)
	at steps.CommonSteps.theResponseStatusShouldBeFromCsv(CommonSteps.java:398)
	at ✽.the response status should be from csv column "__expected_status" row 1(file:///Users/mohammaddaabes/Documents/api/src/test/resources/features/generated/moenew.feature:14)

  Then the response header "Content-Type" should equal "application/json"                # steps.CommonSteps.headerShouldEqual(java.lang.String,java.lang.String)

@positive
Scenario Outline: Positive cases from dataset                                            # src/test/resources/features/generated/moenew.feature:20
  Given the API base url is "${BASE_URL}"                                                # steps.CommonSteps.givenBaseUrlEnv(java.lang.String)
  And I use bearer token from env "API_TOKEN"                                            # steps.CommonSteps.useBearerTokenFromEnv(java.lang.String)
  And I add header "accept" with value 'application/json'                                # steps.CommonSteps.iAddHeader(java.lang.String,java.lang.String)
  And I add header "accept-language" with value 'ar'                                     # steps.CommonSteps.iAddHeader(java.lang.String,java.lang.String)
  And I add header "content-type" with value 'application/json'                          # steps.CommonSteps.iAddHeader(java.lang.String,java.lang.String)
  And I add header "pragma" with value 'no-cache'                                        # steps.CommonSteps.iAddHeader(java.lang.String,java.lang.String)
  And I add header "s-source" with value 'automation'                                    # steps.CommonSteps.iAddHeader(java.lang.String,java.lang.String)
Request method:	POST
Request URI:	https://api.salla.dev/admin/v2/customers
Body:
{
    "first_name": "sara",
    "last_name": "khaled",
    "email": "sara.khaled+1@salla.sa",
    "birthday": "16-10-1997",
    "gender": "female",
    "mobile_code_country": 966,
    "mobile": 512345678
}
  When I POST to "/admin/v2/customers" with json body from csv "datasets/bsss.csv" row 2 # steps.CommonSteps.iVerbToWithJsonBodyFromCsv(java.lang.String,java.lang.String,java.lang.String,int)
  Then the response status should be from csv column "__expected_status" row 2           # steps.CommonSteps.theResponseStatusShouldBeFromCsv(java.lang.String,int)
      java.lang.AssertionError: status code
Expected: <200>
     but: was <401>
	at org.hamcrest.MatcherAssert.assertThat(MatcherAssert.java:20)
	at steps.CommonSteps.theResponseStatusShouldBe(CommonSteps.java:380)
	at steps.CommonSteps.theResponseStatusShouldBeFromCsv(CommonSteps.java:398)
	at ✽.the response status should be from csv column "__expected_status" row 2(file:///Users/mohammaddaabes/Documents/api/src/test/resources/features/generated/moenew.feature:14)

  Then the response header "Content-Type" should equal "application/json"                # steps.CommonSteps.headerShouldEqual(java.lang.String,java.lang.String)

@positive
Scenario Outline: Positive cases from dataset                                            # src/test/resources/features/generated/moenew.feature:21
  Given the API base url is "${BASE_URL}"                                                # steps.CommonSteps.givenBaseUrlEnv(java.lang.String)
  And I use bearer token from env "API_TOKEN"                                            # steps.CommonSteps.useBearerTokenFromEnv(java.lang.String)
  And I add header "accept" with value 'application/json'                                # steps.CommonSteps.iAddHeader(java.lang.String,java.lang.String)
  And I add header "accept-language" with value 'ar'                                     # steps.CommonSteps.iAddHeader(java.lang.String,java.lang.String)
  And I add header "content-type" with value 'application/json'                          # steps.CommonSteps.iAddHeader(java.lang.String,java.lang.String)
  And I add header "pragma" with value 'no-cache'                                        # steps.CommonSteps.iAddHeader(java.lang.String,java.lang.String)
  And I add header "s-source" with value 'automation'                                    # steps.CommonSteps.iAddHeader(java.lang.String,java.lang.String)
Request method:	POST
Request URI:	https://api.salla.dev/admin/v2/customers
Body:
{
    "first_name": null,
    "last_name": "daabes",
    "email": "m.daabes+93253@salla.sa",
    "birthday": "08-09-2015",
    "gender": "male",
    "mobile_code_country": 962,
    "mobile": 799798444
}
  When I POST to "/admin/v2/customers" with json body from csv "datasets/bsss.csv" row 3 # steps.CommonSteps.iVerbToWithJsonBodyFromCsv(java.lang.String,java.lang.String,java.lang.String,int)
  Then the response status should be from csv column "__expected_status" row 3           # steps.CommonSteps.theResponseStatusShouldBeFromCsv(java.lang.String,int)
      java.lang.AssertionError: status code
Expected: <200>
     but: was <401>
	at org.hamcrest.MatcherAssert.assertThat(MatcherAssert.java:20)
	at steps.CommonSteps.theResponseStatusShouldBe(CommonSteps.java:380)
	at steps.CommonSteps.theResponseStatusShouldBeFromCsv(CommonSteps.java:398)
	at ✽.the response status should be from csv column "__expected_status" row 3(file:///Users/mohammaddaabes/Documents/api/src/test/resources/features/generated/moenew.feature:14)

  Then the response header "Content-Type" should equal "application/json"                # steps.CommonSteps.headerShouldEqual(java.lang.String,java.lang.String)

@positive
Scenario Outline: Positive cases from dataset                                            # src/test/resources/features/generated/moenew.feature:22
  Given the API base url is "${BASE_URL}"                                                # steps.CommonSteps.givenBaseUrlEnv(java.lang.String)
  And I use bearer token from env "API_TOKEN"                                            # steps.CommonSteps.useBearerTokenFromEnv(java.lang.String)
  And I add header "accept" with value 'application/json'                                # steps.CommonSteps.iAddHeader(java.lang.String,java.lang.String)
  And I add header "accept-language" with value 'ar'                                     # steps.CommonSteps.iAddHeader(java.lang.String,java.lang.String)
  And I add header "content-type" with value 'application/json'                          # steps.CommonSteps.iAddHeader(java.lang.String,java.lang.String)
  And I add header "pragma" with value 'no-cache'                                        # steps.CommonSteps.iAddHeader(java.lang.String,java.lang.String)
  And I add header "s-source" with value 'automation'                                    # steps.CommonSteps.iAddHeader(java.lang.String,java.lang.String)
Request method:	POST
Request URI:	https://api.salla.dev/admin/v2/customers
Body:
{
    "first_name": "moe",
    "last_name": null,
    "email": "m.daabes+93253@salla.sa",
    "birthday": "08-09-2015",
    "gender": "male",
    "mobile_code_country": 962,
    "mobile": 799798444
}
  When I POST to "/admin/v2/customers" with json body from csv "datasets/bsss.csv" row 4 # steps.CommonSteps.iVerbToWithJsonBodyFromCsv(java.lang.String,java.lang.String,java.lang.String,int)
  Then the response status should be from csv column "__expected_status" row 4           # steps.CommonSteps.theResponseStatusShouldBeFromCsv(java.lang.String,int)
      java.lang.AssertionError: status code
Expected: <200>
     but: was <401>
	at org.hamcrest.MatcherAssert.assertThat(MatcherAssert.java:20)
	at steps.CommonSteps.theResponseStatusShouldBe(CommonSteps.java:380)
	at steps.CommonSteps.theResponseStatusShouldBeFromCsv(CommonSteps.java:398)
	at ✽.the response status should be from csv column "__expected_status" row 4(file:///Users/mohammaddaabes/Documents/api/src/test/resources/features/generated/moenew.feature:14)

  Then the response header "Content-Type" should equal "application/json"                # steps.CommonSteps.headerShouldEqual(java.lang.String,java.lang.String)

@positive
Scenario Outline: Positive cases from dataset                                            # src/test/resources/features/generated/moenew.feature:23
  Given the API base url is "${BASE_URL}"                                                # steps.CommonSteps.givenBaseUrlEnv(java.lang.String)
  And I use bearer token from env "API_TOKEN"                                            # steps.CommonSteps.useBearerTokenFromEnv(java.lang.String)
  And I add header "accept" with value 'application/json'                                # steps.CommonSteps.iAddHeader(java.lang.String,java.lang.String)
  And I add header "accept-language" with value 'ar'                                     # steps.CommonSteps.iAddHeader(java.lang.String,java.lang.String)
  And I add header "content-type" with value 'application/json'                          # steps.CommonSteps.iAddHeader(java.lang.String,java.lang.String)
  And I add header "pragma" with value 'no-cache'                                        # steps.CommonSteps.iAddHeader(java.lang.String,java.lang.String)
  And I add header "s-source" with value 'automation'                                    # steps.CommonSteps.iAddHeader(java.lang.String,java.lang.String)
Request method:	POST
Request URI:	https://api.salla.dev/admin/v2/customers
Body:
{
    "first_name": "moe",
    "last_name": "daabes",
    "email": null,
    "birthday": "08-09-2015",
    "gender": "male",
    "mobile_code_country": 962,
    "mobile": 799798444
}
  When I POST to "/admin/v2/customers" with json body from csv "datasets/bsss.csv" row 5 # steps.CommonSteps.iVerbToWithJsonBodyFromCsv(java.lang.String,java.lang.String,java.lang.String,int)
  Then the response status should be from csv column "__expected_status" row 5           # steps.CommonSteps.theResponseStatusShouldBeFromCsv(java.lang.String,int)
      java.lang.AssertionError: status code
Expected: <200>
     but: was <401>
	at org.hamcrest.MatcherAssert.assertThat(MatcherAssert.java:20)
	at steps.CommonSteps.theResponseStatusShouldBe(CommonSteps.java:380)
	at steps.CommonSteps.theResponseStatusShouldBeFromCsv(CommonSteps.java:398)
	at ✽.the response status should be from csv column "__expected_status" row 5(file:///Users/mohammaddaabes/Documents/api/src/test/resources/features/generated/moenew.feature:14)

  Then the response header "Content-Type" should equal "application/json"                # steps.CommonSteps.headerShouldEqual(java.lang.String,java.lang.String)
[ERROR] Tests run: 34, Failures: 10, Errors: 0, Skipped: 24, Time elapsed: 3.393 s <<< FAILURE! -- in runner.RunCucumberTest
[ERROR] Examples.Example #1.1 -- Time elapsed: 4.372 s <<< FAILURE!
java.lang.AssertionError: 
status code
Expected: <200>
     but: was <401>
	at org.hamcrest.MatcherAssert.assertThat(MatcherAssert.java:20)
	at steps.CommonSteps.theResponseStatusShouldBe(CommonSteps.java:380)
	at steps.CommonSteps.theResponseStatusShouldBeFromCsv(CommonSteps.java:398)
	at ✽.the response status should be from csv column "__expected_status" row 1(file:///Users/mohammaddaabes/Documents/api/src/test/resources/features/generated/moenew.feature:14)

[ERROR] Examples.Example #1.2 -- Time elapsed: 0.281 s <<< FAILURE!
java.lang.AssertionError: 
status code
Expected: <200>
     but: was <401>
	at org.hamcrest.MatcherAssert.assertThat(MatcherAssert.java:20)
	at steps.CommonSteps.theResponseStatusShouldBe(CommonSteps.java:380)
	at steps.CommonSteps.theResponseStatusShouldBeFromCsv(CommonSteps.java:398)
	at ✽.the response status should be from csv column "__expected_status" row 2(file:///Users/mohammaddaabes/Documents/api/src/test/resources/features/generated/moenew.feature:14)

[ERROR] Examples.Example #1.3 -- Time elapsed: 0.286 s <<< FAILURE!
java.lang.AssertionError: 
status code
Expected: <200>
     but: was <401>
	at org.hamcrest.MatcherAssert.assertThat(MatcherAssert.java:20)
	at steps.CommonSteps.theResponseStatusShouldBe(CommonSteps.java:380)
	at steps.CommonSteps.theResponseStatusShouldBeFromCsv(CommonSteps.java:398)
	at ✽.the response status should be from csv column "__expected_status" row 3(file:///Users/mohammaddaabes/Documents/api/src/test/resources/features/generated/moenew.feature:14)

[ERROR] Examples.Example #1.4 -- Time elapsed: 0.272 s <<< FAILURE!
java.lang.AssertionError: 
status code
Expected: <200>
     but: was <401>
	at org.hamcrest.MatcherAssert.assertThat(MatcherAssert.java:20)
	at steps.CommonSteps.theResponseStatusShouldBe(CommonSteps.java:380)
	at steps.CommonSteps.theResponseStatusShouldBeFromCsv(CommonSteps.java:398)
	at ✽.the response status should be from csv column "__expected_status" row 4(file:///Users/mohammaddaabes/Documents/api/src/test/resources/features/generated/moenew.feature:14)

[ERROR] Examples.Example #1.5 -- Time elapsed: 3.001 s <<< FAILURE!
java.lang.AssertionError: 
status code
Expected: <200>
     but: was <401>
	at org.hamcrest.MatcherAssert.assertThat(MatcherAssert.java:20)
	at steps.CommonSteps.theResponseStatusShouldBe(CommonSteps.java:380)
	at steps.CommonSteps.theResponseStatusShouldBeFromCsv(CommonSteps.java:398)
	at ✽.the response status should be from csv column "__expected_status" row 5(file:///Users/mohammaddaabes/Documents/api/src/test/resources/features/generated/moenew.feature:14)

[ERROR] Examples.Example #1.1 -- Time elapsed: 0.286 s <<< FAILURE!
java.lang.AssertionError: 
status code
Expected: <200>
     but: was <401>
	at org.hamcrest.MatcherAssert.assertThat(MatcherAssert.java:20)
	at steps.CommonSteps.theResponseStatusShouldBe(CommonSteps.java:380)
	at steps.CommonSteps.theResponseStatusShouldBeFromCsv(CommonSteps.java:398)
	at ✽.the response status should be from csv column "__expected_status" row 1(file:///Users/mohammaddaabes/Documents/api/src/test/resources/features/generated/moenew.feature:14)

[ERROR] Examples.Example #1.2 -- Time elapsed: 0.296 s <<< FAILURE!
java.lang.AssertionError: 
status code
Expected: <200>
     but: was <401>
	at org.hamcrest.MatcherAssert.assertThat(MatcherAssert.java:20)
	at steps.CommonSteps.theResponseStatusShouldBe(CommonSteps.java:380)
	at steps.CommonSteps.theResponseStatusShouldBeFromCsv(CommonSteps.java:398)
	at ✽.the response status should be from csv column "__expected_status" row 2(file:///Users/mohammaddaabes/Documents/api/src/test/resources/features/generated/moenew.feature:14)

[ERROR] Examples.Example #1.3 -- Time elapsed: 2.211 s <<< FAILURE!
java.lang.AssertionError: 
status code
Expected: <200>
     but: was <401>
	at org.hamcrest.MatcherAssert.assertThat(MatcherAssert.java:20)
	at steps.CommonSteps.theResponseStatusShouldBe(CommonSteps.java:380)
	at steps.CommonSteps.theResponseStatusShouldBeFromCsv(CommonSteps.java:398)
	at ✽.the response status should be from csv column "__expected_status" row 3(file:///Users/mohammaddaabes/Documents/api/src/test/resources/features/generated/moenew.feature:14)

[ERROR] Examples.Example #1.4 -- Time elapsed: 0.278 s <<< FAILURE!
java.lang.AssertionError: 
status code
Expected: <200>
     but: was <401>
	at org.hamcrest.MatcherAssert.assertThat(MatcherAssert.java:20)
	at steps.CommonSteps.theResponseStatusShouldBe(CommonSteps.java:380)
	at steps.CommonSteps.theResponseStatusShouldBeFromCsv(CommonSteps.java:398)
	at ✽.the response status should be from csv column "__expected_status" row 4(file:///Users/mohammaddaabes/Documents/api/src/test/resources/features/generated/moenew.feature:14)

[ERROR] Examples.Example #1.5 -- Time elapsed: 0.290 s <<< FAILURE!
java.lang.AssertionError: 
status code
Expected: <200>
     but: was <401>
	at org.hamcrest.MatcherAssert.assertThat(MatcherAssert.java:20)
	at steps.CommonSteps.theResponseStatusShouldBe(CommonSteps.java:380)
	at steps.CommonSteps.theResponseStatusShouldBeFromCsv(CommonSteps.java:398)
	at ✽.the response status should be from csv column "__expected_status" row 5(file:///Users/mohammaddaabes/Documents/api/src/test/resources/features/generated/moenew.feature:14)

[ERROR] Failures: 
[ERROR] Examples.Example #1.1
[ERROR]   Run 1: status code
Expected: <200>
     but: was <401>
[ERROR]   Run 4: status code
Expected: <200>
     but: was <401>
[ERROR] Examples.Example #1.2
[ERROR]   Run 1: status code
Expected: <200>
     but: was <401>
[ERROR]   Run 4: status code
Expected: <200>
     but: was <401>
[ERROR] Examples.Example #1.3
[ERROR]   Run 1: status code
Expected: <200>
     but: was <401>
[ERROR]   Run 3: status code
Expected: <200>
     but: was <401>
[ERROR] Examples.Example #1.4
[ERROR]   Run 1: status code
Expected: <200>
     but: was <401>
[ERROR]   Run 3: status code
Expected: <200>
     but: was <401>
[ERROR] Examples.Example #1.5
[ERROR]   Run 1: status code
Expected: <200>
     but: was <401>
[ERROR]   Run 3: status code
Expected: <200>
     but: was <401>
[ERROR] Tests run: 10, Failures: 5, Errors: 0, Skipped: 5
[ERROR] Failed to execute goal org.apache.maven.plugins:maven-surefire-plugin:3.2.5:test (default-test) on project api: There are test failures.
[ERROR] 
[ERROR] Please refer to /Users/mohammaddaabes/Documents/api/target/surefire-reports for the individual test results.
[ERROR] Please refer to dump files (if any exist) [date].dump, [date]-jvmRun[N].dump and [date].dumpstream.
[ERROR] -> [Help 1]
[ERROR] 
[ERROR] To see the full stack trace of the errors, re-run Maven with the -e switch.
[ERROR] Re-run Maven using the -X switch to enable full debug logging.
[ERROR] 
[ERROR] For more information about the errors and possible solutions, please read the following articles:
[ERROR] [Help 1] http://cwiki.apache.org/confluence/display/MAVEN/MojoFailureException
Run finished with non-zero exit code 1
Command finished at 2025-10-03T22:38:55.080859Z
